{"timestamp":"2025-06-03T09:48:31.836616","level":"info","event":"Filling up the DagBag from /opt/airflow/dags/weather_etl.py","logger":"airflow.models.dagbag.DagBag"}
{"timestamp":"2025-06-03T09:49:05.273115","level":"info","event":"Filling up the DagBag from /opt/airflow/dags/weather_etl.py","logger":"airflow.models.dagbag.DagBag"}
{"timestamp":"2025-06-03T09:49:38.476937","level":"info","event":"Filling up the DagBag from /opt/airflow/dags/weather_etl.py","logger":"airflow.models.dagbag.DagBag"}
{"timestamp":"2025-06-03T09:50:10.515189","level":"info","event":"Filling up the DagBag from /opt/airflow/dags/weather_etl.py","logger":"airflow.models.dagbag.DagBag"}
{"timestamp":"2025-06-03T09:50:42.390378","level":"info","event":"Filling up the DagBag from /opt/airflow/dags/weather_etl.py","logger":"airflow.models.dagbag.DagBag"}
{"timestamp":"2025-06-03T09:56:01.523497","level":"info","event":"Filling up the DagBag from /opt/airflow/dags/weather_etl.py","logger":"airflow.models.dagbag.DagBag"}
{"timestamp":"2025-06-03T09:56:40.774323","level":"info","event":"Filling up the DagBag from /opt/airflow/dags/weather_etl.py","logger":"airflow.models.dagbag.DagBag"}
{"timestamp":"2025-06-03T09:57:15.643558","level":"info","event":"Filling up the DagBag from /opt/airflow/dags/weather_etl.py","logger":"airflow.models.dagbag.DagBag"}
{"timestamp":"2025-06-03T09:57:55.964633","level":"info","event":"Filling up the DagBag from /opt/airflow/dags/weather_etl.py","logger":"airflow.models.dagbag.DagBag"}
{"timestamp":"2025-06-03T09:58:40.771181","level":"info","event":"Filling up the DagBag from /opt/airflow/dags/weather_etl.py","logger":"airflow.models.dagbag.DagBag"}
{"timestamp":"2025-06-03T09:59:12.427979","level":"info","event":"Filling up the DagBag from /opt/airflow/dags/weather_etl.py","logger":"airflow.models.dagbag.DagBag"}
{"timestamp":"2025-06-03T09:59:44.694133","level":"info","event":"Filling up the DagBag from /opt/airflow/dags/weather_etl.py","logger":"airflow.models.dagbag.DagBag"}
{"timestamp":"2025-06-03T10:00:21.933573","level":"info","event":"Filling up the DagBag from /opt/airflow/dags/weather_etl.py","logger":"airflow.models.dagbag.DagBag"}
{"timestamp":"2025-06-03T10:00:54.560170","level":"info","event":"Filling up the DagBag from /opt/airflow/dags/weather_etl.py","logger":"airflow.models.dagbag.DagBag"}
{"timestamp":"2025-06-03T10:01:26.846371","level":"info","event":"Filling up the DagBag from /opt/airflow/dags/weather_etl.py","logger":"airflow.models.dagbag.DagBag"}
{"timestamp":"2025-06-03T10:01:58.654739","level":"info","event":"Filling up the DagBag from /opt/airflow/dags/weather_etl.py","logger":"airflow.models.dagbag.DagBag"}
{"timestamp":"2025-06-03T10:02:31.261091","level":"info","event":"Filling up the DagBag from /opt/airflow/dags/weather_etl.py","logger":"airflow.models.dagbag.DagBag"}
{"timestamp":"2025-06-03T10:03:02.981982","level":"info","event":"Filling up the DagBag from /opt/airflow/dags/weather_etl.py","logger":"airflow.models.dagbag.DagBag"}
{"timestamp":"2025-06-03T10:03:34.721545","level":"info","event":"Filling up the DagBag from /opt/airflow/dags/weather_etl.py","logger":"airflow.models.dagbag.DagBag"}
{"timestamp":"2025-06-03T10:04:06.225194","level":"info","event":"Filling up the DagBag from /opt/airflow/dags/weather_etl.py","logger":"airflow.models.dagbag.DagBag"}
{"timestamp":"2025-06-03T10:04:37.594326","level":"info","event":"Filling up the DagBag from /opt/airflow/dags/weather_etl.py","logger":"airflow.models.dagbag.DagBag"}
{"timestamp":"2025-06-03T10:05:09.394990","level":"info","event":"Filling up the DagBag from /opt/airflow/dags/weather_etl.py","logger":"airflow.models.dagbag.DagBag"}
{"timestamp":"2025-06-03T10:05:40.744838","level":"info","event":"Filling up the DagBag from /opt/airflow/dags/weather_etl.py","logger":"airflow.models.dagbag.DagBag"}
{"timestamp":"2025-06-03T10:06:11.975021","level":"info","event":"Filling up the DagBag from /opt/airflow/dags/weather_etl.py","logger":"airflow.models.dagbag.DagBag"}
{"timestamp":"2025-06-03T10:06:43.160528","level":"info","event":"Filling up the DagBag from /opt/airflow/dags/weather_etl.py","logger":"airflow.models.dagbag.DagBag"}
{"timestamp":"2025-06-03T10:07:14.632222","level":"info","event":"Filling up the DagBag from /opt/airflow/dags/weather_etl.py","logger":"airflow.models.dagbag.DagBag"}
{"timestamp":"2025-06-03T10:07:46.196806","level":"info","event":"Filling up the DagBag from /opt/airflow/dags/weather_etl.py","logger":"airflow.models.dagbag.DagBag"}
{"timestamp":"2025-06-03T10:08:18.026861","level":"info","event":"Filling up the DagBag from /opt/airflow/dags/weather_etl.py","logger":"airflow.models.dagbag.DagBag"}
{"timestamp":"2025-06-03T10:08:49.223876","level":"info","event":"Filling up the DagBag from /opt/airflow/dags/weather_etl.py","logger":"airflow.models.dagbag.DagBag"}
{"timestamp":"2025-06-03T10:09:20.741347","level":"info","event":"Filling up the DagBag from /opt/airflow/dags/weather_etl.py","logger":"airflow.models.dagbag.DagBag"}
{"timestamp":"2025-06-03T10:09:52.107624","level":"info","event":"Filling up the DagBag from /opt/airflow/dags/weather_etl.py","logger":"airflow.models.dagbag.DagBag"}
{"timestamp":"2025-06-03T10:10:23.791355","level":"info","event":"Filling up the DagBag from /opt/airflow/dags/weather_etl.py","logger":"airflow.models.dagbag.DagBag"}
{"timestamp":"2025-06-03T10:11:04.913481","level":"info","event":"Filling up the DagBag from /opt/airflow/dags/weather_etl.py","logger":"airflow.models.dagbag.DagBag"}
{"timestamp":"2025-06-03T10:11:36.359465","level":"info","event":"Filling up the DagBag from /opt/airflow/dags/weather_etl.py","logger":"airflow.models.dagbag.DagBag"}
{"timestamp":"2025-06-03T10:12:07.956166","level":"info","event":"Filling up the DagBag from /opt/airflow/dags/weather_etl.py","logger":"airflow.models.dagbag.DagBag"}
{"timestamp":"2025-06-03T10:12:40.235177","level":"info","event":"Filling up the DagBag from /opt/airflow/dags/weather_etl.py","logger":"airflow.models.dagbag.DagBag"}
{"timestamp":"2025-06-03T10:13:11.689151","level":"info","event":"Filling up the DagBag from /opt/airflow/dags/weather_etl.py","logger":"airflow.models.dagbag.DagBag"}
{"timestamp":"2025-06-03T10:13:42.892052","level":"info","event":"Filling up the DagBag from /opt/airflow/dags/weather_etl.py","logger":"airflow.models.dagbag.DagBag"}
{"timestamp":"2025-06-03T10:14:14.503050","level":"info","event":"Filling up the DagBag from /opt/airflow/dags/weather_etl.py","logger":"airflow.models.dagbag.DagBag"}
{"timestamp":"2025-06-03T10:14:46.023647","level":"info","event":"Filling up the DagBag from /opt/airflow/dags/weather_etl.py","logger":"airflow.models.dagbag.DagBag"}
{"timestamp":"2025-06-03T10:15:17.795180","level":"info","event":"Filling up the DagBag from /opt/airflow/dags/weather_etl.py","logger":"airflow.models.dagbag.DagBag"}
{"timestamp":"2025-06-03T10:15:49.520022","level":"info","event":"Filling up the DagBag from /opt/airflow/dags/weather_etl.py","logger":"airflow.models.dagbag.DagBag"}
{"timestamp":"2025-06-03T10:16:20.757838","level":"info","event":"Filling up the DagBag from /opt/airflow/dags/weather_etl.py","logger":"airflow.models.dagbag.DagBag"}
{"timestamp":"2025-06-03T10:16:52.171804","level":"info","event":"Filling up the DagBag from /opt/airflow/dags/weather_etl.py","logger":"airflow.models.dagbag.DagBag"}
{"timestamp":"2025-06-03T10:17:23.533740","level":"info","event":"Filling up the DagBag from /opt/airflow/dags/weather_etl.py","logger":"airflow.models.dagbag.DagBag"}
{"timestamp":"2025-06-03T10:17:54.800321","level":"info","event":"Filling up the DagBag from /opt/airflow/dags/weather_etl.py","logger":"airflow.models.dagbag.DagBag"}
{"timestamp":"2025-06-03T10:18:26.054565","level":"info","event":"Filling up the DagBag from /opt/airflow/dags/weather_etl.py","logger":"airflow.models.dagbag.DagBag"}
{"timestamp":"2025-06-03T10:18:57.265774","level":"info","event":"Filling up the DagBag from /opt/airflow/dags/weather_etl.py","logger":"airflow.models.dagbag.DagBag"}
{"timestamp":"2025-06-03T10:19:23.841624","level":"info","event":"Filling up the DagBag from /opt/airflow/dags/weather_etl.py","logger":"airflow.models.dagbag.DagBag"}
{"timestamp":"2025-06-03T10:19:56.151707","level":"info","event":"Filling up the DagBag from /opt/airflow/dags/weather_etl.py","logger":"airflow.models.dagbag.DagBag"}
{"timestamp":"2025-06-03T10:20:28.182219","level":"info","event":"Filling up the DagBag from /opt/airflow/dags/weather_etl.py","logger":"airflow.models.dagbag.DagBag"}
{"timestamp":"2025-06-03T10:20:59.657007","level":"info","event":"Filling up the DagBag from /opt/airflow/dags/weather_etl.py","logger":"airflow.models.dagbag.DagBag"}
{"timestamp":"2025-06-03T10:21:31.192173","level":"info","event":"Filling up the DagBag from /opt/airflow/dags/weather_etl.py","logger":"airflow.models.dagbag.DagBag"}
{"timestamp":"2025-06-03T10:22:02.416410","level":"info","event":"Filling up the DagBag from /opt/airflow/dags/weather_etl.py","logger":"airflow.models.dagbag.DagBag"}
{"timestamp":"2025-06-03T10:22:33.688683","level":"info","event":"Filling up the DagBag from /opt/airflow/dags/weather_etl.py","logger":"airflow.models.dagbag.DagBag"}
{"timestamp":"2025-06-03T10:23:05.255864","level":"info","event":"Filling up the DagBag from /opt/airflow/dags/weather_etl.py","logger":"airflow.models.dagbag.DagBag"}
{"timestamp":"2025-06-03T10:23:26.170963","level":"info","event":"Filling up the DagBag from /opt/airflow/dags/weather_etl.py","logger":"airflow.models.dagbag.DagBag"}
{"timestamp":"2025-06-03T10:23:27.287554","level":"error","event":"Failed to import: /opt/airflow/dags/weather_etl.py","logger":"airflow.models.dagbag.DagBag","error_detail":[{"exc_type":"NameError","exc_value":"name 'config' is not defined","exc_notes":[],"syntax_error":null,"is_cause":false,"frames":[{"filename":"/home/airflow/.local/lib/python3.12/site-packages/airflow/models/dagbag.py","lineno":382,"name":"parse"},{"filename":"<frozen importlib._bootstrap_external>","lineno":999,"name":"exec_module"},{"filename":"<frozen importlib._bootstrap>","lineno":488,"name":"_call_with_frames_removed"},{"filename":"/opt/airflow/dags/weather_etl.py","lineno":7,"name":"<module>"},{"filename":"/opt/airflow/src/transform.py","lineno":24,"name":"<module>"}]}]}
{"timestamp":"2025-06-03T10:23:57.757442","level":"info","event":"Filling up the DagBag from /opt/airflow/dags/weather_etl.py","logger":"airflow.models.dagbag.DagBag"}
{"timestamp":"2025-06-03T10:23:58.923413","level":"error","event":"Failed to import: /opt/airflow/dags/weather_etl.py","logger":"airflow.models.dagbag.DagBag","error_detail":[{"exc_type":"NameError","exc_value":"name 'config' is not defined","exc_notes":[],"syntax_error":null,"is_cause":false,"frames":[{"filename":"/home/airflow/.local/lib/python3.12/site-packages/airflow/models/dagbag.py","lineno":382,"name":"parse"},{"filename":"<frozen importlib._bootstrap_external>","lineno":999,"name":"exec_module"},{"filename":"<frozen importlib._bootstrap>","lineno":488,"name":"_call_with_frames_removed"},{"filename":"/opt/airflow/dags/weather_etl.py","lineno":7,"name":"<module>"},{"filename":"/opt/airflow/src/transform.py","lineno":24,"name":"<module>"}]}]}
{"timestamp":"2025-06-03T10:24:29.775684","level":"info","event":"Filling up the DagBag from /opt/airflow/dags/weather_etl.py","logger":"airflow.models.dagbag.DagBag"}
{"timestamp":"2025-06-03T10:24:30.901585","level":"error","event":"Failed to import: /opt/airflow/dags/weather_etl.py","logger":"airflow.models.dagbag.DagBag","error_detail":[{"exc_type":"NameError","exc_value":"name 'config' is not defined","exc_notes":[],"syntax_error":null,"is_cause":false,"frames":[{"filename":"/home/airflow/.local/lib/python3.12/site-packages/airflow/models/dagbag.py","lineno":382,"name":"parse"},{"filename":"<frozen importlib._bootstrap_external>","lineno":999,"name":"exec_module"},{"filename":"<frozen importlib._bootstrap>","lineno":488,"name":"_call_with_frames_removed"},{"filename":"/opt/airflow/dags/weather_etl.py","lineno":7,"name":"<module>"},{"filename":"/opt/airflow/src/transform.py","lineno":27,"name":"<module>"}]}]}
{"timestamp":"2025-06-03T10:25:01.318624","level":"info","event":"Filling up the DagBag from /opt/airflow/dags/weather_etl.py","logger":"airflow.models.dagbag.DagBag"}
{"timestamp":"2025-06-03T10:25:33.182396","level":"info","event":"Filling up the DagBag from /opt/airflow/dags/weather_etl.py","logger":"airflow.models.dagbag.DagBag"}
{"timestamp":"2025-06-03T10:26:05.625170","level":"info","event":"Filling up the DagBag from /opt/airflow/dags/weather_etl.py","logger":"airflow.models.dagbag.DagBag"}
{"timestamp":"2025-06-03T10:26:37.398390","level":"info","event":"Filling up the DagBag from /opt/airflow/dags/weather_etl.py","logger":"airflow.models.dagbag.DagBag"}
{"timestamp":"2025-06-03T10:27:08.488984","level":"info","event":"Filling up the DagBag from /opt/airflow/dags/weather_etl.py","logger":"airflow.models.dagbag.DagBag"}
{"timestamp":"2025-06-03T10:27:39.854587","level":"info","event":"Filling up the DagBag from /opt/airflow/dags/weather_etl.py","logger":"airflow.models.dagbag.DagBag"}
{"timestamp":"2025-06-03T10:28:11.017755","level":"info","event":"Filling up the DagBag from /opt/airflow/dags/weather_etl.py","logger":"airflow.models.dagbag.DagBag"}
{"timestamp":"2025-06-03T10:28:42.192112","level":"info","event":"Filling up the DagBag from /opt/airflow/dags/weather_etl.py","logger":"airflow.models.dagbag.DagBag"}
{"timestamp":"2025-06-03T10:29:13.850040","level":"info","event":"Filling up the DagBag from /opt/airflow/dags/weather_etl.py","logger":"airflow.models.dagbag.DagBag"}
{"timestamp":"2025-06-03T10:29:45.229814","level":"info","event":"Filling up the DagBag from /opt/airflow/dags/weather_etl.py","logger":"airflow.models.dagbag.DagBag"}
{"timestamp":"2025-06-03T10:30:05.500198","level":"info","event":"Filling up the DagBag from /opt/airflow/dags/weather_etl.py","logger":"airflow.models.dagbag.DagBag"}
{"timestamp":"2025-06-03T10:30:36.915010","level":"info","event":"Filling up the DagBag from /opt/airflow/dags/weather_etl.py","logger":"airflow.models.dagbag.DagBag"}
{"timestamp":"2025-06-03T10:31:08.905499","level":"info","event":"Filling up the DagBag from /opt/airflow/dags/weather_etl.py","logger":"airflow.models.dagbag.DagBag"}
{"timestamp":"2025-06-03T10:31:40.257315","level":"info","event":"Filling up the DagBag from /opt/airflow/dags/weather_etl.py","logger":"airflow.models.dagbag.DagBag"}
{"timestamp":"2025-06-03T10:32:11.417087","level":"info","event":"Filling up the DagBag from /opt/airflow/dags/weather_etl.py","logger":"airflow.models.dagbag.DagBag"}
{"timestamp":"2025-06-03T10:32:42.652397","level":"info","event":"Filling up the DagBag from /opt/airflow/dags/weather_etl.py","logger":"airflow.models.dagbag.DagBag"}
{"timestamp":"2025-06-03T10:33:14.309443","level":"info","event":"Filling up the DagBag from /opt/airflow/dags/weather_etl.py","logger":"airflow.models.dagbag.DagBag"}
{"timestamp":"2025-06-03T10:33:46.054168","level":"info","event":"Filling up the DagBag from /opt/airflow/dags/weather_etl.py","logger":"airflow.models.dagbag.DagBag"}
{"timestamp":"2025-06-03T10:34:17.248795","level":"info","event":"Filling up the DagBag from /opt/airflow/dags/weather_etl.py","logger":"airflow.models.dagbag.DagBag"}
{"timestamp":"2025-06-03T10:34:49.004162","level":"info","event":"Filling up the DagBag from /opt/airflow/dags/weather_etl.py","logger":"airflow.models.dagbag.DagBag"}
{"timestamp":"2025-06-03T10:35:20.643222","level":"info","event":"Filling up the DagBag from /opt/airflow/dags/weather_etl.py","logger":"airflow.models.dagbag.DagBag"}
{"timestamp":"2025-06-03T10:35:51.950099","level":"info","event":"Filling up the DagBag from /opt/airflow/dags/weather_etl.py","logger":"airflow.models.dagbag.DagBag"}
{"timestamp":"2025-06-03T10:36:23.554637","level":"info","event":"Filling up the DagBag from /opt/airflow/dags/weather_etl.py","logger":"airflow.models.dagbag.DagBag"}
{"timestamp":"2025-06-03T10:36:55.354297","level":"info","event":"Filling up the DagBag from /opt/airflow/dags/weather_etl.py","logger":"airflow.models.dagbag.DagBag"}
{"timestamp":"2025-06-03T10:37:26.500326","level":"info","event":"Filling up the DagBag from /opt/airflow/dags/weather_etl.py","logger":"airflow.models.dagbag.DagBag"}
{"timestamp":"2025-06-03T10:37:57.810640","level":"info","event":"Filling up the DagBag from /opt/airflow/dags/weather_etl.py","logger":"airflow.models.dagbag.DagBag"}
{"timestamp":"2025-06-03T10:38:27.120748","level":"info","event":"Filling up the DagBag from /opt/airflow/dags/weather_etl.py","logger":"airflow.models.dagbag.DagBag"}
{"timestamp":"2025-06-03T10:38:28.193344","level":"error","event":"Failed to import: /opt/airflow/dags/weather_etl.py","logger":"airflow.models.dagbag.DagBag","error_detail":[{"exc_type":"TypeError","exc_value":"save_parquet() missing 2 required positional arguments: 'df' and 'output'","exc_notes":[],"syntax_error":null,"is_cause":false,"frames":[{"filename":"/home/airflow/.local/lib/python3.12/site-packages/airflow/models/dagbag.py","lineno":382,"name":"parse"},{"filename":"<frozen importlib._bootstrap_external>","lineno":999,"name":"exec_module"},{"filename":"<frozen importlib._bootstrap>","lineno":488,"name":"_call_with_frames_removed"},{"filename":"/opt/airflow/dags/weather_etl.py","lineno":88,"name":"<module>"}]}]}
{"timestamp":"2025-06-03T10:38:58.546263","level":"info","event":"Filling up the DagBag from /opt/airflow/dags/weather_etl.py","logger":"airflow.models.dagbag.DagBag"}
{"timestamp":"2025-06-03T10:38:59.390671","level":"error","event":"Failed to import: /opt/airflow/dags/weather_etl.py","logger":"airflow.models.dagbag.DagBag","error_detail":[{"exc_type":"TypeError","exc_value":"save_parquet() missing 2 required positional arguments: 'df' and 'output'","exc_notes":[],"syntax_error":null,"is_cause":false,"frames":[{"filename":"/home/airflow/.local/lib/python3.12/site-packages/airflow/models/dagbag.py","lineno":382,"name":"parse"},{"filename":"<frozen importlib._bootstrap_external>","lineno":999,"name":"exec_module"},{"filename":"<frozen importlib._bootstrap>","lineno":488,"name":"_call_with_frames_removed"},{"filename":"/opt/airflow/dags/weather_etl.py","lineno":88,"name":"<module>"}]}]}
{"timestamp":"2025-06-03T10:39:29.783856","level":"info","event":"Filling up the DagBag from /opt/airflow/dags/weather_etl.py","logger":"airflow.models.dagbag.DagBag"}
{"timestamp":"2025-06-03T10:39:30.769039","level":"error","event":"Failed to import: /opt/airflow/dags/weather_etl.py","logger":"airflow.models.dagbag.DagBag","error_detail":[{"exc_type":"TypeError","exc_value":"save_parquet() missing 2 required positional arguments: 'df' and 'output'","exc_notes":[],"syntax_error":null,"is_cause":false,"frames":[{"filename":"/home/airflow/.local/lib/python3.12/site-packages/airflow/models/dagbag.py","lineno":382,"name":"parse"},{"filename":"<frozen importlib._bootstrap_external>","lineno":999,"name":"exec_module"},{"filename":"<frozen importlib._bootstrap>","lineno":488,"name":"_call_with_frames_removed"},{"filename":"/opt/airflow/dags/weather_etl.py","lineno":88,"name":"<module>"}]}]}
{"timestamp":"2025-06-03T10:39:54.095787","level":"info","event":"Filling up the DagBag from /opt/airflow/dags/weather_etl.py","logger":"airflow.models.dagbag.DagBag"}
{"timestamp":"2025-06-03T10:40:25.345125","level":"info","event":"Filling up the DagBag from /opt/airflow/dags/weather_etl.py","logger":"airflow.models.dagbag.DagBag"}
{"timestamp":"2025-06-03T10:40:39.519476","level":"info","event":"Filling up the DagBag from /opt/airflow/dags/weather_etl.py","logger":"airflow.models.dagbag.DagBag"}
{"timestamp":"2025-06-03T10:41:10.582280","level":"info","event":"Filling up the DagBag from /opt/airflow/dags/weather_etl.py","logger":"airflow.models.dagbag.DagBag"}
{"timestamp":"2025-06-03T10:41:42.264810","level":"info","event":"Filling up the DagBag from /opt/airflow/dags/weather_etl.py","logger":"airflow.models.dagbag.DagBag"}
{"timestamp":"2025-06-03T10:41:47.362665","level":"info","event":"Filling up the DagBag from /opt/airflow/dags/weather_etl.py","logger":"airflow.models.dagbag.DagBag"}
{"timestamp":"2025-06-03T10:41:48.279826","level":"error","event":"Failed to import: /opt/airflow/dags/weather_etl.py","logger":"airflow.models.dagbag.DagBag","error_detail":[{"exc_type":"AttributeError","exc_value":"'list' object has no attribute 'update_relative'","exc_notes":[],"syntax_error":null,"is_cause":false,"frames":[{"filename":"/home/airflow/.local/lib/python3.12/site-packages/airflow/models/dagbag.py","lineno":382,"name":"parse"},{"filename":"<frozen importlib._bootstrap_external>","lineno":999,"name":"exec_module"},{"filename":"<frozen importlib._bootstrap>","lineno":488,"name":"_call_with_frames_removed"},{"filename":"/opt/airflow/dags/weather_etl.py","lineno":92,"name":"<module>"},{"filename":"/home/airflow/.local/lib/python3.12/site-packages/airflow/sdk/definitions/_internal/mixins.py","lineno":97,"name":"__rshift__"},{"filename":"/home/airflow/.local/lib/python3.12/site-packages/airflow/sdk/definitions/_internal/node.py","lineno":216,"name":"set_downstream"},{"filename":"/home/airflow/.local/lib/python3.12/site-packages/airflow/sdk/definitions/_internal/node.py","lineno":168,"name":"_set_relatives"}]}]}
{"timestamp":"2025-06-03T10:42:19.257804","level":"info","event":"Filling up the DagBag from /opt/airflow/dags/weather_etl.py","logger":"airflow.models.dagbag.DagBag"}
{"timestamp":"2025-06-03T10:42:20.411087","level":"error","event":"Failed to import: /opt/airflow/dags/weather_etl.py","logger":"airflow.models.dagbag.DagBag","error_detail":[{"exc_type":"AttributeError","exc_value":"'list' object has no attribute 'update_relative'","exc_notes":[],"syntax_error":null,"is_cause":false,"frames":[{"filename":"/home/airflow/.local/lib/python3.12/site-packages/airflow/models/dagbag.py","lineno":382,"name":"parse"},{"filename":"<frozen importlib._bootstrap_external>","lineno":999,"name":"exec_module"},{"filename":"<frozen importlib._bootstrap>","lineno":488,"name":"_call_with_frames_removed"},{"filename":"/opt/airflow/dags/weather_etl.py","lineno":92,"name":"<module>"},{"filename":"/home/airflow/.local/lib/python3.12/site-packages/airflow/sdk/definitions/_internal/mixins.py","lineno":97,"name":"__rshift__"},{"filename":"/home/airflow/.local/lib/python3.12/site-packages/airflow/sdk/definitions/_internal/node.py","lineno":216,"name":"set_downstream"},{"filename":"/home/airflow/.local/lib/python3.12/site-packages/airflow/sdk/definitions/_internal/node.py","lineno":168,"name":"_set_relatives"}]}]}
{"timestamp":"2025-06-03T10:42:31.964425","level":"info","event":"Filling up the DagBag from /opt/airflow/dags/weather_etl.py","logger":"airflow.models.dagbag.DagBag"}
{"timestamp":"2025-06-03T10:43:03.660277","level":"info","event":"Filling up the DagBag from /opt/airflow/dags/weather_etl.py","logger":"airflow.models.dagbag.DagBag"}
{"timestamp":"2025-06-03T10:43:15.796812","level":"info","event":"Filling up the DagBag from /opt/airflow/dags/weather_etl.py","logger":"airflow.models.dagbag.DagBag"}
{"timestamp":"2025-06-03T10:43:49.746135","level":"info","event":"Filling up the DagBag from /opt/airflow/dags/weather_etl.py","logger":"airflow.models.dagbag.DagBag"}
{"timestamp":"2025-06-03T10:44:21.741101","level":"info","event":"Filling up the DagBag from /opt/airflow/dags/weather_etl.py","logger":"airflow.models.dagbag.DagBag"}
{"timestamp":"2025-06-03T10:44:53.157592","level":"info","event":"Filling up the DagBag from /opt/airflow/dags/weather_etl.py","logger":"airflow.models.dagbag.DagBag"}
{"timestamp":"2025-06-03T10:45:24.415180","level":"info","event":"Filling up the DagBag from /opt/airflow/dags/weather_etl.py","logger":"airflow.models.dagbag.DagBag"}
{"timestamp":"2025-06-03T10:45:56.152077","level":"info","event":"Filling up the DagBag from /opt/airflow/dags/weather_etl.py","logger":"airflow.models.dagbag.DagBag"}
{"timestamp":"2025-06-03T10:46:27.337453","level":"info","event":"Filling up the DagBag from /opt/airflow/dags/weather_etl.py","logger":"airflow.models.dagbag.DagBag"}
{"timestamp":"2025-06-03T10:46:58.598783","level":"info","event":"Filling up the DagBag from /opt/airflow/dags/weather_etl.py","logger":"airflow.models.dagbag.DagBag"}
{"timestamp":"2025-06-03T10:47:27.149680","level":"info","event":"Filling up the DagBag from /opt/airflow/dags/weather_etl.py","logger":"airflow.models.dagbag.DagBag"}
{"timestamp":"2025-06-03T10:47:27.163306","level":"error","event":"Failed to import: /opt/airflow/dags/weather_etl.py","logger":"airflow.models.dagbag.DagBag","error_detail":[{"exc_type":"SyntaxError","exc_value":"invalid syntax (weather_etl.py, line 29)","exc_notes":[],"syntax_error":{"offset":3,"filename":"/opt/airflow/dags/weather_etl.py","line":") as dag)):\n","lineno":29,"msg":"invalid syntax"},"is_cause":false,"frames":[{"filename":"/home/airflow/.local/lib/python3.12/site-packages/airflow/models/dagbag.py","lineno":382,"name":"parse"},{"filename":"<frozen importlib._bootstrap_external>","lineno":995,"name":"exec_module"},{"filename":"<frozen importlib._bootstrap_external>","lineno":1133,"name":"get_code"},{"filename":"<frozen importlib._bootstrap_external>","lineno":1063,"name":"source_to_code"},{"filename":"<frozen importlib._bootstrap>","lineno":488,"name":"_call_with_frames_removed"}]}]}
{"timestamp":"2025-06-03T10:47:58.155312","level":"info","event":"Filling up the DagBag from /opt/airflow/dags/weather_etl.py","logger":"airflow.models.dagbag.DagBag"}
{"timestamp":"2025-06-03T10:47:58.161686","level":"error","event":"Failed to import: /opt/airflow/dags/weather_etl.py","logger":"airflow.models.dagbag.DagBag","error_detail":[{"exc_type":"SyntaxError","exc_value":"invalid syntax (weather_etl.py, line 29)","exc_notes":[],"syntax_error":{"offset":3,"filename":"/opt/airflow/dags/weather_etl.py","line":") as dag)):\n","lineno":29,"msg":"invalid syntax"},"is_cause":false,"frames":[{"filename":"/home/airflow/.local/lib/python3.12/site-packages/airflow/models/dagbag.py","lineno":382,"name":"parse"},{"filename":"<frozen importlib._bootstrap_external>","lineno":995,"name":"exec_module"},{"filename":"<frozen importlib._bootstrap_external>","lineno":1133,"name":"get_code"},{"filename":"<frozen importlib._bootstrap_external>","lineno":1063,"name":"source_to_code"},{"filename":"<frozen importlib._bootstrap>","lineno":488,"name":"_call_with_frames_removed"}]}]}
{"timestamp":"2025-06-03T10:48:28.495681","level":"info","event":"Filling up the DagBag from /opt/airflow/dags/weather_etl.py","logger":"airflow.models.dagbag.DagBag"}
{"timestamp":"2025-06-03T10:48:28.501283","level":"error","event":"Failed to import: /opt/airflow/dags/weather_etl.py","logger":"airflow.models.dagbag.DagBag","error_detail":[{"exc_type":"SyntaxError","exc_value":"invalid syntax (weather_etl.py, line 29)","exc_notes":[],"syntax_error":{"offset":3,"filename":"/opt/airflow/dags/weather_etl.py","line":") as dag)):\n","lineno":29,"msg":"invalid syntax"},"is_cause":false,"frames":[{"filename":"/home/airflow/.local/lib/python3.12/site-packages/airflow/models/dagbag.py","lineno":382,"name":"parse"},{"filename":"<frozen importlib._bootstrap_external>","lineno":995,"name":"exec_module"},{"filename":"<frozen importlib._bootstrap_external>","lineno":1133,"name":"get_code"},{"filename":"<frozen importlib._bootstrap_external>","lineno":1063,"name":"source_to_code"},{"filename":"<frozen importlib._bootstrap>","lineno":488,"name":"_call_with_frames_removed"}]}]}
{"timestamp":"2025-06-03T10:48:58.830802","level":"info","event":"Filling up the DagBag from /opt/airflow/dags/weather_etl.py","logger":"airflow.models.dagbag.DagBag"}
{"timestamp":"2025-06-03T10:48:58.841558","level":"error","event":"Failed to import: /opt/airflow/dags/weather_etl.py","logger":"airflow.models.dagbag.DagBag","error_detail":[{"exc_type":"SyntaxError","exc_value":"invalid syntax (weather_etl.py, line 29)","exc_notes":[],"syntax_error":{"offset":3,"filename":"/opt/airflow/dags/weather_etl.py","line":") as dag)):\n","lineno":29,"msg":"invalid syntax"},"is_cause":false,"frames":[{"filename":"/home/airflow/.local/lib/python3.12/site-packages/airflow/models/dagbag.py","lineno":382,"name":"parse"},{"filename":"<frozen importlib._bootstrap_external>","lineno":995,"name":"exec_module"},{"filename":"<frozen importlib._bootstrap_external>","lineno":1133,"name":"get_code"},{"filename":"<frozen importlib._bootstrap_external>","lineno":1063,"name":"source_to_code"},{"filename":"<frozen importlib._bootstrap>","lineno":488,"name":"_call_with_frames_removed"}]}]}
{"timestamp":"2025-06-03T10:49:02.968203","level":"info","event":"Filling up the DagBag from /opt/airflow/dags/weather_etl.py","logger":"airflow.models.dagbag.DagBag"}
{"timestamp":"2025-06-03T10:49:02.975903","level":"error","event":"Failed to import: /opt/airflow/dags/weather_etl.py","logger":"airflow.models.dagbag.DagBag","error_detail":[{"exc_type":"SyntaxError","exc_value":"invalid syntax (weather_etl.py, line 29)","exc_notes":[],"syntax_error":{"offset":3,"filename":"/opt/airflow/dags/weather_etl.py","line":") as dag)):\n","lineno":29,"msg":"invalid syntax"},"is_cause":false,"frames":[{"filename":"/home/airflow/.local/lib/python3.12/site-packages/airflow/models/dagbag.py","lineno":382,"name":"parse"},{"filename":"<frozen importlib._bootstrap_external>","lineno":995,"name":"exec_module"},{"filename":"<frozen importlib._bootstrap_external>","lineno":1133,"name":"get_code"},{"filename":"<frozen importlib._bootstrap_external>","lineno":1063,"name":"source_to_code"},{"filename":"<frozen importlib._bootstrap>","lineno":488,"name":"_call_with_frames_removed"}]}]}
{"timestamp":"2025-06-03T10:49:33.624744","level":"info","event":"Filling up the DagBag from /opt/airflow/dags/weather_etl.py","logger":"airflow.models.dagbag.DagBag"}
{"timestamp":"2025-06-03T10:49:33.634120","level":"error","event":"Failed to import: /opt/airflow/dags/weather_etl.py","logger":"airflow.models.dagbag.DagBag","error_detail":[{"exc_type":"SyntaxError","exc_value":"invalid syntax (weather_etl.py, line 29)","exc_notes":[],"syntax_error":{"offset":3,"filename":"/opt/airflow/dags/weather_etl.py","line":") as dag)):\n","lineno":29,"msg":"invalid syntax"},"is_cause":false,"frames":[{"filename":"/home/airflow/.local/lib/python3.12/site-packages/airflow/models/dagbag.py","lineno":382,"name":"parse"},{"filename":"<frozen importlib._bootstrap_external>","lineno":995,"name":"exec_module"},{"filename":"<frozen importlib._bootstrap_external>","lineno":1133,"name":"get_code"},{"filename":"<frozen importlib._bootstrap_external>","lineno":1063,"name":"source_to_code"},{"filename":"<frozen importlib._bootstrap>","lineno":488,"name":"_call_with_frames_removed"}]}]}
{"timestamp":"2025-06-03T10:49:39.068074","level":"info","event":"Filling up the DagBag from /opt/airflow/dags/weather_etl.py","logger":"airflow.models.dagbag.DagBag"}
{"timestamp":"2025-06-03T10:49:39.080037","level":"error","event":"Failed to import: /opt/airflow/dags/weather_etl.py","logger":"airflow.models.dagbag.DagBag","error_detail":[{"exc_type":"SyntaxError","exc_value":"invalid syntax (weather_etl.py, line 29)","exc_notes":[],"syntax_error":{"offset":3,"filename":"/opt/airflow/dags/weather_etl.py","line":") as dag)):\n","lineno":29,"msg":"invalid syntax"},"is_cause":false,"frames":[{"filename":"/home/airflow/.local/lib/python3.12/site-packages/airflow/models/dagbag.py","lineno":382,"name":"parse"},{"filename":"<frozen importlib._bootstrap_external>","lineno":995,"name":"exec_module"},{"filename":"<frozen importlib._bootstrap_external>","lineno":1133,"name":"get_code"},{"filename":"<frozen importlib._bootstrap_external>","lineno":1063,"name":"source_to_code"},{"filename":"<frozen importlib._bootstrap>","lineno":488,"name":"_call_with_frames_removed"}]}]}
{"timestamp":"2025-06-03T10:50:06.691137","level":"info","event":"Filling up the DagBag from /opt/airflow/dags/weather_etl.py","logger":"airflow.models.dagbag.DagBag"}
{"timestamp":"2025-06-03T10:50:38.164334","level":"info","event":"Filling up the DagBag from /opt/airflow/dags/weather_etl.py","logger":"airflow.models.dagbag.DagBag"}
{"timestamp":"2025-06-03T10:51:09.668888","level":"info","event":"Filling up the DagBag from /opt/airflow/dags/weather_etl.py","logger":"airflow.models.dagbag.DagBag"}
{"timestamp":"2025-06-03T10:51:16.758657","level":"info","event":"Filling up the DagBag from /opt/airflow/dags/weather_etl.py","logger":"airflow.models.dagbag.DagBag"}
{"timestamp":"2025-06-03T10:51:17.942811","level":"error","event":"Failed to bag_dag: /opt/airflow/dags/weather_etl.py","logger":"airflow.models.dagbag.DagBag","error_detail":[{"exc_type":"AirflowDagCycleException","exc_value":"Cycle detected in DAG: weather_etl. Faulty task: convert_to_editable_format","exc_notes":[],"syntax_error":null,"is_cause":false,"frames":[{"filename":"/home/airflow/.local/lib/python3.12/site-packages/airflow/models/dagbag.py","lineno":491,"name":"_process_modules"},{"filename":"/home/airflow/.local/lib/python3.12/site-packages/airflow/models/dagbag.py","lineno":509,"name":"bag_dag"},{"filename":"/home/airflow/.local/lib/python3.12/site-packages/airflow/utils/dag_cycle_tester.py","lineno":64,"name":"check_cycle"},{"filename":"/home/airflow/.local/lib/python3.12/site-packages/airflow/utils/dag_cycle_tester.py","lineno":50,"name":"_check_adjacent_tasks"}]}]}
{"timestamp":"2025-06-03T10:51:48.273713","level":"info","event":"Filling up the DagBag from /opt/airflow/dags/weather_etl.py","logger":"airflow.models.dagbag.DagBag"}
{"timestamp":"2025-06-03T10:51:49.256438","level":"error","event":"Failed to bag_dag: /opt/airflow/dags/weather_etl.py","logger":"airflow.models.dagbag.DagBag","error_detail":[{"exc_type":"AirflowDagCycleException","exc_value":"Cycle detected in DAG: weather_etl. Faulty task: convert_to_editable_format","exc_notes":[],"syntax_error":null,"is_cause":false,"frames":[{"filename":"/home/airflow/.local/lib/python3.12/site-packages/airflow/models/dagbag.py","lineno":491,"name":"_process_modules"},{"filename":"/home/airflow/.local/lib/python3.12/site-packages/airflow/models/dagbag.py","lineno":509,"name":"bag_dag"},{"filename":"/home/airflow/.local/lib/python3.12/site-packages/airflow/utils/dag_cycle_tester.py","lineno":64,"name":"check_cycle"},{"filename":"/home/airflow/.local/lib/python3.12/site-packages/airflow/utils/dag_cycle_tester.py","lineno":50,"name":"_check_adjacent_tasks"}]}]}
{"timestamp":"2025-06-03T10:52:19.599957","level":"info","event":"Filling up the DagBag from /opt/airflow/dags/weather_etl.py","logger":"airflow.models.dagbag.DagBag"}
{"timestamp":"2025-06-03T10:52:20.444812","level":"error","event":"Failed to bag_dag: /opt/airflow/dags/weather_etl.py","logger":"airflow.models.dagbag.DagBag","error_detail":[{"exc_type":"AirflowDagCycleException","exc_value":"Cycle detected in DAG: weather_etl. Faulty task: convert_to_editable_format","exc_notes":[],"syntax_error":null,"is_cause":false,"frames":[{"filename":"/home/airflow/.local/lib/python3.12/site-packages/airflow/models/dagbag.py","lineno":491,"name":"_process_modules"},{"filename":"/home/airflow/.local/lib/python3.12/site-packages/airflow/models/dagbag.py","lineno":509,"name":"bag_dag"},{"filename":"/home/airflow/.local/lib/python3.12/site-packages/airflow/utils/dag_cycle_tester.py","lineno":64,"name":"check_cycle"},{"filename":"/home/airflow/.local/lib/python3.12/site-packages/airflow/utils/dag_cycle_tester.py","lineno":50,"name":"_check_adjacent_tasks"}]}]}
{"timestamp":"2025-06-03T10:52:50.721361","level":"info","event":"Filling up the DagBag from /opt/airflow/dags/weather_etl.py","logger":"airflow.models.dagbag.DagBag"}
{"timestamp":"2025-06-03T10:52:51.564220","level":"error","event":"Failed to bag_dag: /opt/airflow/dags/weather_etl.py","logger":"airflow.models.dagbag.DagBag","error_detail":[{"exc_type":"AirflowDagCycleException","exc_value":"Cycle detected in DAG: weather_etl. Faulty task: convert_to_editable_format","exc_notes":[],"syntax_error":null,"is_cause":false,"frames":[{"filename":"/home/airflow/.local/lib/python3.12/site-packages/airflow/models/dagbag.py","lineno":491,"name":"_process_modules"},{"filename":"/home/airflow/.local/lib/python3.12/site-packages/airflow/models/dagbag.py","lineno":509,"name":"bag_dag"},{"filename":"/home/airflow/.local/lib/python3.12/site-packages/airflow/utils/dag_cycle_tester.py","lineno":64,"name":"check_cycle"},{"filename":"/home/airflow/.local/lib/python3.12/site-packages/airflow/utils/dag_cycle_tester.py","lineno":50,"name":"_check_adjacent_tasks"}]}]}
{"timestamp":"2025-06-03T10:53:21.939418","level":"info","event":"Filling up the DagBag from /opt/airflow/dags/weather_etl.py","logger":"airflow.models.dagbag.DagBag"}
{"timestamp":"2025-06-03T10:53:22.809414","level":"error","event":"Failed to bag_dag: /opt/airflow/dags/weather_etl.py","logger":"airflow.models.dagbag.DagBag","error_detail":[{"exc_type":"AirflowDagCycleException","exc_value":"Cycle detected in DAG: weather_etl. Faulty task: convert_to_editable_format","exc_notes":[],"syntax_error":null,"is_cause":false,"frames":[{"filename":"/home/airflow/.local/lib/python3.12/site-packages/airflow/models/dagbag.py","lineno":491,"name":"_process_modules"},{"filename":"/home/airflow/.local/lib/python3.12/site-packages/airflow/models/dagbag.py","lineno":509,"name":"bag_dag"},{"filename":"/home/airflow/.local/lib/python3.12/site-packages/airflow/utils/dag_cycle_tester.py","lineno":64,"name":"check_cycle"},{"filename":"/home/airflow/.local/lib/python3.12/site-packages/airflow/utils/dag_cycle_tester.py","lineno":50,"name":"_check_adjacent_tasks"}]}]}
{"timestamp":"2025-06-03T10:53:53.321808","level":"info","event":"Filling up the DagBag from /opt/airflow/dags/weather_etl.py","logger":"airflow.models.dagbag.DagBag"}
{"timestamp":"2025-06-03T10:53:54.396097","level":"error","event":"Failed to bag_dag: /opt/airflow/dags/weather_etl.py","logger":"airflow.models.dagbag.DagBag","error_detail":[{"exc_type":"AirflowDagCycleException","exc_value":"Cycle detected in DAG: weather_etl. Faulty task: convert_to_editable_format","exc_notes":[],"syntax_error":null,"is_cause":false,"frames":[{"filename":"/home/airflow/.local/lib/python3.12/site-packages/airflow/models/dagbag.py","lineno":491,"name":"_process_modules"},{"filename":"/home/airflow/.local/lib/python3.12/site-packages/airflow/models/dagbag.py","lineno":509,"name":"bag_dag"},{"filename":"/home/airflow/.local/lib/python3.12/site-packages/airflow/utils/dag_cycle_tester.py","lineno":64,"name":"check_cycle"},{"filename":"/home/airflow/.local/lib/python3.12/site-packages/airflow/utils/dag_cycle_tester.py","lineno":50,"name":"_check_adjacent_tasks"}]}]}
{"timestamp":"2025-06-03T10:54:24.691451","level":"info","event":"Filling up the DagBag from /opt/airflow/dags/weather_etl.py","logger":"airflow.models.dagbag.DagBag"}
{"timestamp":"2025-06-03T10:54:25.608096","level":"error","event":"Failed to bag_dag: /opt/airflow/dags/weather_etl.py","logger":"airflow.models.dagbag.DagBag","error_detail":[{"exc_type":"AirflowDagCycleException","exc_value":"Cycle detected in DAG: weather_etl. Faulty task: convert_to_editable_format","exc_notes":[],"syntax_error":null,"is_cause":false,"frames":[{"filename":"/home/airflow/.local/lib/python3.12/site-packages/airflow/models/dagbag.py","lineno":491,"name":"_process_modules"},{"filename":"/home/airflow/.local/lib/python3.12/site-packages/airflow/models/dagbag.py","lineno":509,"name":"bag_dag"},{"filename":"/home/airflow/.local/lib/python3.12/site-packages/airflow/utils/dag_cycle_tester.py","lineno":64,"name":"check_cycle"},{"filename":"/home/airflow/.local/lib/python3.12/site-packages/airflow/utils/dag_cycle_tester.py","lineno":50,"name":"_check_adjacent_tasks"}]}]}
{"timestamp":"2025-06-03T10:54:55.279862","level":"info","event":"Filling up the DagBag from /opt/airflow/dags/weather_etl.py","logger":"airflow.models.dagbag.DagBag"}
{"timestamp":"2025-06-03T10:55:26.476183","level":"info","event":"Filling up the DagBag from /opt/airflow/dags/weather_etl.py","logger":"airflow.models.dagbag.DagBag"}
{"timestamp":"2025-06-03T10:55:58.352699","level":"info","event":"Filling up the DagBag from /opt/airflow/dags/weather_etl.py","logger":"airflow.models.dagbag.DagBag"}
{"timestamp":"2025-06-03T10:56:29.900575","level":"info","event":"Filling up the DagBag from /opt/airflow/dags/weather_etl.py","logger":"airflow.models.dagbag.DagBag"}
{"timestamp":"2025-06-03T10:57:01.162501","level":"info","event":"Filling up the DagBag from /opt/airflow/dags/weather_etl.py","logger":"airflow.models.dagbag.DagBag"}
{"timestamp":"2025-06-03T10:57:32.934964","level":"info","event":"Filling up the DagBag from /opt/airflow/dags/weather_etl.py","logger":"airflow.models.dagbag.DagBag"}
{"timestamp":"2025-06-03T10:58:06.711276","level":"info","event":"Filling up the DagBag from /opt/airflow/dags/weather_etl.py","logger":"airflow.models.dagbag.DagBag"}
{"timestamp":"2025-06-03T10:58:38.510068","level":"info","event":"Filling up the DagBag from /opt/airflow/dags/weather_etl.py","logger":"airflow.models.dagbag.DagBag"}
{"timestamp":"2025-06-03T10:59:10.165670","level":"info","event":"Filling up the DagBag from /opt/airflow/dags/weather_etl.py","logger":"airflow.models.dagbag.DagBag"}
{"timestamp":"2025-06-03T10:59:42.121339","level":"info","event":"Filling up the DagBag from /opt/airflow/dags/weather_etl.py","logger":"airflow.models.dagbag.DagBag"}
{"timestamp":"2025-06-03T11:00:14.906258","level":"info","event":"Filling up the DagBag from /opt/airflow/dags/weather_etl.py","logger":"airflow.models.dagbag.DagBag"}
{"timestamp":"2025-06-03T11:00:46.781855","level":"info","event":"Filling up the DagBag from /opt/airflow/dags/weather_etl.py","logger":"airflow.models.dagbag.DagBag"}
{"timestamp":"2025-06-03T11:01:18.987924","level":"info","event":"Filling up the DagBag from /opt/airflow/dags/weather_etl.py","logger":"airflow.models.dagbag.DagBag"}
{"timestamp":"2025-06-03T11:01:51.047634","level":"info","event":"Filling up the DagBag from /opt/airflow/dags/weather_etl.py","logger":"airflow.models.dagbag.DagBag"}
{"timestamp":"2025-06-03T11:02:24.330702","level":"info","event":"Filling up the DagBag from /opt/airflow/dags/weather_etl.py","logger":"airflow.models.dagbag.DagBag"}
{"timestamp":"2025-06-03T11:02:55.623082","level":"info","event":"Filling up the DagBag from /opt/airflow/dags/weather_etl.py","logger":"airflow.models.dagbag.DagBag"}
{"timestamp":"2025-06-03T11:03:27.228843","level":"info","event":"Filling up the DagBag from /opt/airflow/dags/weather_etl.py","logger":"airflow.models.dagbag.DagBag"}
{"timestamp":"2025-06-03T11:03:59.922555","level":"info","event":"Filling up the DagBag from /opt/airflow/dags/weather_etl.py","logger":"airflow.models.dagbag.DagBag"}
{"timestamp":"2025-06-03T11:04:32.004199","level":"info","event":"Filling up the DagBag from /opt/airflow/dags/weather_etl.py","logger":"airflow.models.dagbag.DagBag"}
{"timestamp":"2025-06-03T11:05:03.777976","level":"info","event":"Filling up the DagBag from /opt/airflow/dags/weather_etl.py","logger":"airflow.models.dagbag.DagBag"}
{"timestamp":"2025-06-03T11:05:37.737703","level":"info","event":"Filling up the DagBag from /opt/airflow/dags/weather_etl.py","logger":"airflow.models.dagbag.DagBag"}
{"timestamp":"2025-06-03T11:06:09.900748","level":"info","event":"Filling up the DagBag from /opt/airflow/dags/weather_etl.py","logger":"airflow.models.dagbag.DagBag"}
{"timestamp":"2025-06-03T11:06:41.051693","level":"info","event":"Filling up the DagBag from /opt/airflow/dags/weather_etl.py","logger":"airflow.models.dagbag.DagBag"}
{"timestamp":"2025-06-03T11:07:12.348976","level":"info","event":"Filling up the DagBag from /opt/airflow/dags/weather_etl.py","logger":"airflow.models.dagbag.DagBag"}
{"timestamp":"2025-06-03T11:07:44.147697","level":"info","event":"Filling up the DagBag from /opt/airflow/dags/weather_etl.py","logger":"airflow.models.dagbag.DagBag"}
{"timestamp":"2025-06-03T11:08:15.621468","level":"info","event":"Filling up the DagBag from /opt/airflow/dags/weather_etl.py","logger":"airflow.models.dagbag.DagBag"}
{"timestamp":"2025-06-03T11:08:47.872792","level":"info","event":"Filling up the DagBag from /opt/airflow/dags/weather_etl.py","logger":"airflow.models.dagbag.DagBag"}
{"timestamp":"2025-06-03T11:09:19.708488","level":"info","event":"Filling up the DagBag from /opt/airflow/dags/weather_etl.py","logger":"airflow.models.dagbag.DagBag"}
{"timestamp":"2025-06-03T11:09:56.677248","level":"info","event":"Filling up the DagBag from /opt/airflow/dags/weather_etl.py","logger":"airflow.models.dagbag.DagBag"}
{"timestamp":"2025-06-03T11:10:29.443409","level":"info","event":"Filling up the DagBag from /opt/airflow/dags/weather_etl.py","logger":"airflow.models.dagbag.DagBag"}
{"timestamp":"2025-06-03T11:11:06.253932","level":"info","event":"Filling up the DagBag from /opt/airflow/dags/weather_etl.py","logger":"airflow.models.dagbag.DagBag"}
{"timestamp":"2025-06-03T11:11:39.121489","level":"info","event":"Filling up the DagBag from /opt/airflow/dags/weather_etl.py","logger":"airflow.models.dagbag.DagBag"}
{"timestamp":"2025-06-03T11:12:10.585622","level":"info","event":"Filling up the DagBag from /opt/airflow/dags/weather_etl.py","logger":"airflow.models.dagbag.DagBag"}
{"timestamp":"2025-06-03T11:12:42.325537","level":"info","event":"Filling up the DagBag from /opt/airflow/dags/weather_etl.py","logger":"airflow.models.dagbag.DagBag"}
{"timestamp":"2025-06-03T11:13:13.913089","level":"info","event":"Filling up the DagBag from /opt/airflow/dags/weather_etl.py","logger":"airflow.models.dagbag.DagBag"}
{"timestamp":"2025-06-03T11:13:45.475474","level":"info","event":"Filling up the DagBag from /opt/airflow/dags/weather_etl.py","logger":"airflow.models.dagbag.DagBag"}
{"timestamp":"2025-06-03T11:14:17.075976","level":"info","event":"Filling up the DagBag from /opt/airflow/dags/weather_etl.py","logger":"airflow.models.dagbag.DagBag"}
{"timestamp":"2025-06-03T11:14:48.460838","level":"info","event":"Filling up the DagBag from /opt/airflow/dags/weather_etl.py","logger":"airflow.models.dagbag.DagBag"}
{"timestamp":"2025-06-03T11:15:20.332757","level":"info","event":"Filling up the DagBag from /opt/airflow/dags/weather_etl.py","logger":"airflow.models.dagbag.DagBag"}
{"timestamp":"2025-06-03T11:15:51.731388","level":"info","event":"Filling up the DagBag from /opt/airflow/dags/weather_etl.py","logger":"airflow.models.dagbag.DagBag"}
{"timestamp":"2025-06-03T11:16:23.416974","level":"info","event":"Filling up the DagBag from /opt/airflow/dags/weather_etl.py","logger":"airflow.models.dagbag.DagBag"}
{"timestamp":"2025-06-03T11:16:55.071036","level":"info","event":"Filling up the DagBag from /opt/airflow/dags/weather_etl.py","logger":"airflow.models.dagbag.DagBag"}
{"timestamp":"2025-06-03T11:17:26.281033","level":"info","event":"Filling up the DagBag from /opt/airflow/dags/weather_etl.py","logger":"airflow.models.dagbag.DagBag"}
{"timestamp":"2025-06-03T11:17:57.279845","level":"info","event":"Filling up the DagBag from /opt/airflow/dags/weather_etl.py","logger":"airflow.models.dagbag.DagBag"}
{"timestamp":"2025-06-03T11:18:28.845400","level":"info","event":"Filling up the DagBag from /opt/airflow/dags/weather_etl.py","logger":"airflow.models.dagbag.DagBag"}
{"timestamp":"2025-06-03T11:19:00.483088","level":"info","event":"Filling up the DagBag from /opt/airflow/dags/weather_etl.py","logger":"airflow.models.dagbag.DagBag"}
{"timestamp":"2025-06-03T11:19:31.888029","level":"info","event":"Filling up the DagBag from /opt/airflow/dags/weather_etl.py","logger":"airflow.models.dagbag.DagBag"}
{"timestamp":"2025-06-03T11:20:02.880512","level":"info","event":"Filling up the DagBag from /opt/airflow/dags/weather_etl.py","logger":"airflow.models.dagbag.DagBag"}
{"timestamp":"2025-06-03T11:20:34.236848","level":"info","event":"Filling up the DagBag from /opt/airflow/dags/weather_etl.py","logger":"airflow.models.dagbag.DagBag"}
{"timestamp":"2025-06-03T11:21:05.985635","level":"info","event":"Filling up the DagBag from /opt/airflow/dags/weather_etl.py","logger":"airflow.models.dagbag.DagBag"}
{"timestamp":"2025-06-03T11:21:37.837857","level":"info","event":"Filling up the DagBag from /opt/airflow/dags/weather_etl.py","logger":"airflow.models.dagbag.DagBag"}
{"timestamp":"2025-06-03T11:22:09.012582","level":"info","event":"Filling up the DagBag from /opt/airflow/dags/weather_etl.py","logger":"airflow.models.dagbag.DagBag"}
{"timestamp":"2025-06-03T11:22:40.324062","level":"info","event":"Filling up the DagBag from /opt/airflow/dags/weather_etl.py","logger":"airflow.models.dagbag.DagBag"}
{"timestamp":"2025-06-03T11:23:11.535438","level":"info","event":"Filling up the DagBag from /opt/airflow/dags/weather_etl.py","logger":"airflow.models.dagbag.DagBag"}
{"timestamp":"2025-06-03T11:23:42.853030","level":"info","event":"Filling up the DagBag from /opt/airflow/dags/weather_etl.py","logger":"airflow.models.dagbag.DagBag"}
{"timestamp":"2025-06-03T11:24:14.102269","level":"info","event":"Filling up the DagBag from /opt/airflow/dags/weather_etl.py","logger":"airflow.models.dagbag.DagBag"}
{"timestamp":"2025-06-03T11:24:45.624025","level":"info","event":"Filling up the DagBag from /opt/airflow/dags/weather_etl.py","logger":"airflow.models.dagbag.DagBag"}
{"timestamp":"2025-06-03T11:25:16.871404","level":"info","event":"Filling up the DagBag from /opt/airflow/dags/weather_etl.py","logger":"airflow.models.dagbag.DagBag"}
{"timestamp":"2025-06-03T11:25:48.027818","level":"info","event":"Filling up the DagBag from /opt/airflow/dags/weather_etl.py","logger":"airflow.models.dagbag.DagBag"}
{"timestamp":"2025-06-03T11:26:19.209612","level":"info","event":"Filling up the DagBag from /opt/airflow/dags/weather_etl.py","logger":"airflow.models.dagbag.DagBag"}
{"timestamp":"2025-06-03T11:26:50.608265","level":"info","event":"Filling up the DagBag from /opt/airflow/dags/weather_etl.py","logger":"airflow.models.dagbag.DagBag"}
{"timestamp":"2025-06-03T11:27:22.010383","level":"info","event":"Filling up the DagBag from /opt/airflow/dags/weather_etl.py","logger":"airflow.models.dagbag.DagBag"}
{"timestamp":"2025-06-03T11:27:53.426247","level":"info","event":"Filling up the DagBag from /opt/airflow/dags/weather_etl.py","logger":"airflow.models.dagbag.DagBag"}
{"timestamp":"2025-06-03T11:28:24.554689","level":"info","event":"Filling up the DagBag from /opt/airflow/dags/weather_etl.py","logger":"airflow.models.dagbag.DagBag"}
{"timestamp":"2025-06-03T11:28:55.842298","level":"info","event":"Filling up the DagBag from /opt/airflow/dags/weather_etl.py","logger":"airflow.models.dagbag.DagBag"}
{"timestamp":"2025-06-03T11:29:27.093802","level":"info","event":"Filling up the DagBag from /opt/airflow/dags/weather_etl.py","logger":"airflow.models.dagbag.DagBag"}
{"timestamp":"2025-06-03T11:29:58.449949","level":"info","event":"Filling up the DagBag from /opt/airflow/dags/weather_etl.py","logger":"airflow.models.dagbag.DagBag"}
{"timestamp":"2025-06-03T11:30:29.633812","level":"info","event":"Filling up the DagBag from /opt/airflow/dags/weather_etl.py","logger":"airflow.models.dagbag.DagBag"}
{"timestamp":"2025-06-03T11:31:00.797285","level":"info","event":"Filling up the DagBag from /opt/airflow/dags/weather_etl.py","logger":"airflow.models.dagbag.DagBag"}
{"timestamp":"2025-06-03T11:31:31.977162","level":"info","event":"Filling up the DagBag from /opt/airflow/dags/weather_etl.py","logger":"airflow.models.dagbag.DagBag"}
{"timestamp":"2025-06-03T11:32:03.108265","level":"info","event":"Filling up the DagBag from /opt/airflow/dags/weather_etl.py","logger":"airflow.models.dagbag.DagBag"}
{"timestamp":"2025-06-03T11:32:34.279424","level":"info","event":"Filling up the DagBag from /opt/airflow/dags/weather_etl.py","logger":"airflow.models.dagbag.DagBag"}
{"timestamp":"2025-06-03T11:33:05.762372","level":"info","event":"Filling up the DagBag from /opt/airflow/dags/weather_etl.py","logger":"airflow.models.dagbag.DagBag"}
{"timestamp":"2025-06-03T11:33:37.094200","level":"info","event":"Filling up the DagBag from /opt/airflow/dags/weather_etl.py","logger":"airflow.models.dagbag.DagBag"}
{"timestamp":"2025-06-03T11:34:08.366061","level":"info","event":"Filling up the DagBag from /opt/airflow/dags/weather_etl.py","logger":"airflow.models.dagbag.DagBag"}
{"timestamp":"2025-06-03T11:34:39.510047","level":"info","event":"Filling up the DagBag from /opt/airflow/dags/weather_etl.py","logger":"airflow.models.dagbag.DagBag"}
{"timestamp":"2025-06-03T11:35:10.769002","level":"info","event":"Filling up the DagBag from /opt/airflow/dags/weather_etl.py","logger":"airflow.models.dagbag.DagBag"}
{"timestamp":"2025-06-03T11:35:42.985404","level":"info","event":"Filling up the DagBag from /opt/airflow/dags/weather_etl.py","logger":"airflow.models.dagbag.DagBag"}
{"timestamp":"2025-06-03T11:36:14.078151","level":"info","event":"Filling up the DagBag from /opt/airflow/dags/weather_etl.py","logger":"airflow.models.dagbag.DagBag"}
{"timestamp":"2025-06-03T11:36:45.166059","level":"info","event":"Filling up the DagBag from /opt/airflow/dags/weather_etl.py","logger":"airflow.models.dagbag.DagBag"}
{"timestamp":"2025-06-03T11:37:16.318283","level":"info","event":"Filling up the DagBag from /opt/airflow/dags/weather_etl.py","logger":"airflow.models.dagbag.DagBag"}
{"timestamp":"2025-06-03T11:37:47.589902","level":"info","event":"Filling up the DagBag from /opt/airflow/dags/weather_etl.py","logger":"airflow.models.dagbag.DagBag"}
{"timestamp":"2025-06-03T11:38:18.701799","level":"info","event":"Filling up the DagBag from /opt/airflow/dags/weather_etl.py","logger":"airflow.models.dagbag.DagBag"}
{"timestamp":"2025-06-03T11:38:49.830111","level":"info","event":"Filling up the DagBag from /opt/airflow/dags/weather_etl.py","logger":"airflow.models.dagbag.DagBag"}
{"timestamp":"2025-06-03T11:39:21.143912","level":"info","event":"Filling up the DagBag from /opt/airflow/dags/weather_etl.py","logger":"airflow.models.dagbag.DagBag"}
{"timestamp":"2025-06-03T11:39:52.468804","level":"info","event":"Filling up the DagBag from /opt/airflow/dags/weather_etl.py","logger":"airflow.models.dagbag.DagBag"}
{"timestamp":"2025-06-03T11:40:23.806028","level":"info","event":"Filling up the DagBag from /opt/airflow/dags/weather_etl.py","logger":"airflow.models.dagbag.DagBag"}
{"timestamp":"2025-06-03T11:40:54.978573","level":"info","event":"Filling up the DagBag from /opt/airflow/dags/weather_etl.py","logger":"airflow.models.dagbag.DagBag"}
{"timestamp":"2025-06-03T11:41:26.128093","level":"info","event":"Filling up the DagBag from /opt/airflow/dags/weather_etl.py","logger":"airflow.models.dagbag.DagBag"}
{"timestamp":"2025-06-03T11:41:57.288794","level":"info","event":"Filling up the DagBag from /opt/airflow/dags/weather_etl.py","logger":"airflow.models.dagbag.DagBag"}
{"timestamp":"2025-06-03T11:42:28.463510","level":"info","event":"Filling up the DagBag from /opt/airflow/dags/weather_etl.py","logger":"airflow.models.dagbag.DagBag"}
{"timestamp":"2025-06-03T11:42:59.759894","level":"info","event":"Filling up the DagBag from /opt/airflow/dags/weather_etl.py","logger":"airflow.models.dagbag.DagBag"}
{"timestamp":"2025-06-03T11:43:30.904976","level":"info","event":"Filling up the DagBag from /opt/airflow/dags/weather_etl.py","logger":"airflow.models.dagbag.DagBag"}
{"timestamp":"2025-06-03T11:44:02.049876","level":"info","event":"Filling up the DagBag from /opt/airflow/dags/weather_etl.py","logger":"airflow.models.dagbag.DagBag"}
{"timestamp":"2025-06-03T11:44:33.402167","level":"info","event":"Filling up the DagBag from /opt/airflow/dags/weather_etl.py","logger":"airflow.models.dagbag.DagBag"}
{"timestamp":"2025-06-03T11:45:04.656644","level":"info","event":"Filling up the DagBag from /opt/airflow/dags/weather_etl.py","logger":"airflow.models.dagbag.DagBag"}
{"timestamp":"2025-06-03T11:45:35.885329","level":"info","event":"Filling up the DagBag from /opt/airflow/dags/weather_etl.py","logger":"airflow.models.dagbag.DagBag"}
{"timestamp":"2025-06-03T11:46:07.004264","level":"info","event":"Filling up the DagBag from /opt/airflow/dags/weather_etl.py","logger":"airflow.models.dagbag.DagBag"}
{"timestamp":"2025-06-03T11:46:38.127632","level":"info","event":"Filling up the DagBag from /opt/airflow/dags/weather_etl.py","logger":"airflow.models.dagbag.DagBag"}
{"timestamp":"2025-06-03T11:47:09.270342","level":"info","event":"Filling up the DagBag from /opt/airflow/dags/weather_etl.py","logger":"airflow.models.dagbag.DagBag"}
{"timestamp":"2025-06-03T11:47:40.459219","level":"info","event":"Filling up the DagBag from /opt/airflow/dags/weather_etl.py","logger":"airflow.models.dagbag.DagBag"}
{"timestamp":"2025-06-03T11:48:11.640235","level":"info","event":"Filling up the DagBag from /opt/airflow/dags/weather_etl.py","logger":"airflow.models.dagbag.DagBag"}
{"timestamp":"2025-06-03T11:48:42.780242","level":"info","event":"Filling up the DagBag from /opt/airflow/dags/weather_etl.py","logger":"airflow.models.dagbag.DagBag"}
{"timestamp":"2025-06-03T11:49:14.008202","level":"info","event":"Filling up the DagBag from /opt/airflow/dags/weather_etl.py","logger":"airflow.models.dagbag.DagBag"}
{"timestamp":"2025-06-03T11:49:45.333035","level":"info","event":"Filling up the DagBag from /opt/airflow/dags/weather_etl.py","logger":"airflow.models.dagbag.DagBag"}
{"timestamp":"2025-06-03T11:50:16.789656","level":"info","event":"Filling up the DagBag from /opt/airflow/dags/weather_etl.py","logger":"airflow.models.dagbag.DagBag"}
{"timestamp":"2025-06-03T11:50:48.123113","level":"info","event":"Filling up the DagBag from /opt/airflow/dags/weather_etl.py","logger":"airflow.models.dagbag.DagBag"}
{"timestamp":"2025-06-03T11:51:19.344696","level":"info","event":"Filling up the DagBag from /opt/airflow/dags/weather_etl.py","logger":"airflow.models.dagbag.DagBag"}
{"timestamp":"2025-06-03T11:51:50.513450","level":"info","event":"Filling up the DagBag from /opt/airflow/dags/weather_etl.py","logger":"airflow.models.dagbag.DagBag"}
{"timestamp":"2025-06-03T11:52:21.891925","level":"info","event":"Filling up the DagBag from /opt/airflow/dags/weather_etl.py","logger":"airflow.models.dagbag.DagBag"}
{"timestamp":"2025-06-03T11:52:53.059705","level":"info","event":"Filling up the DagBag from /opt/airflow/dags/weather_etl.py","logger":"airflow.models.dagbag.DagBag"}
{"timestamp":"2025-06-03T11:53:24.223860","level":"info","event":"Filling up the DagBag from /opt/airflow/dags/weather_etl.py","logger":"airflow.models.dagbag.DagBag"}
{"timestamp":"2025-06-03T11:53:55.452574","level":"info","event":"Filling up the DagBag from /opt/airflow/dags/weather_etl.py","logger":"airflow.models.dagbag.DagBag"}
{"timestamp":"2025-06-03T11:54:26.837663","level":"info","event":"Filling up the DagBag from /opt/airflow/dags/weather_etl.py","logger":"airflow.models.dagbag.DagBag"}
{"timestamp":"2025-06-03T11:54:58.133580","level":"info","event":"Filling up the DagBag from /opt/airflow/dags/weather_etl.py","logger":"airflow.models.dagbag.DagBag"}
{"timestamp":"2025-06-03T11:55:29.433719","level":"info","event":"Filling up the DagBag from /opt/airflow/dags/weather_etl.py","logger":"airflow.models.dagbag.DagBag"}
{"timestamp":"2025-06-03T11:56:00.618592","level":"info","event":"Filling up the DagBag from /opt/airflow/dags/weather_etl.py","logger":"airflow.models.dagbag.DagBag"}
{"timestamp":"2025-06-03T11:56:31.794670","level":"info","event":"Filling up the DagBag from /opt/airflow/dags/weather_etl.py","logger":"airflow.models.dagbag.DagBag"}
{"timestamp":"2025-06-03T11:57:02.987228","level":"info","event":"Filling up the DagBag from /opt/airflow/dags/weather_etl.py","logger":"airflow.models.dagbag.DagBag"}
{"timestamp":"2025-06-03T11:57:34.175480","level":"info","event":"Filling up the DagBag from /opt/airflow/dags/weather_etl.py","logger":"airflow.models.dagbag.DagBag"}
{"timestamp":"2025-06-03T11:58:05.322196","level":"info","event":"Filling up the DagBag from /opt/airflow/dags/weather_etl.py","logger":"airflow.models.dagbag.DagBag"}
{"timestamp":"2025-06-03T11:58:36.464893","level":"info","event":"Filling up the DagBag from /opt/airflow/dags/weather_etl.py","logger":"airflow.models.dagbag.DagBag"}
{"timestamp":"2025-06-03T11:59:07.627446","level":"info","event":"Filling up the DagBag from /opt/airflow/dags/weather_etl.py","logger":"airflow.models.dagbag.DagBag"}
{"timestamp":"2025-06-03T11:59:38.891626","level":"info","event":"Filling up the DagBag from /opt/airflow/dags/weather_etl.py","logger":"airflow.models.dagbag.DagBag"}
{"timestamp":"2025-06-03T12:00:10.474883","level":"info","event":"Filling up the DagBag from /opt/airflow/dags/weather_etl.py","logger":"airflow.models.dagbag.DagBag"}
{"timestamp":"2025-06-03T12:00:41.275615","level":"info","event":"Filling up the DagBag from /opt/airflow/dags/weather_etl.py","logger":"airflow.models.dagbag.DagBag"}
{"timestamp":"2025-06-03T12:01:12.159430","level":"info","event":"Filling up the DagBag from /opt/airflow/dags/weather_etl.py","logger":"airflow.models.dagbag.DagBag"}
{"timestamp":"2025-06-03T12:01:43.039325","level":"info","event":"Filling up the DagBag from /opt/airflow/dags/weather_etl.py","logger":"airflow.models.dagbag.DagBag"}
{"timestamp":"2025-06-03T12:02:13.837416","level":"info","event":"Filling up the DagBag from /opt/airflow/dags/weather_etl.py","logger":"airflow.models.dagbag.DagBag"}
{"timestamp":"2025-06-03T12:02:44.646762","level":"info","event":"Filling up the DagBag from /opt/airflow/dags/weather_etl.py","logger":"airflow.models.dagbag.DagBag"}
{"timestamp":"2025-06-03T12:03:15.456501","level":"info","event":"Filling up the DagBag from /opt/airflow/dags/weather_etl.py","logger":"airflow.models.dagbag.DagBag"}
{"timestamp":"2025-06-03T12:03:46.242779","level":"info","event":"Filling up the DagBag from /opt/airflow/dags/weather_etl.py","logger":"airflow.models.dagbag.DagBag"}
{"timestamp":"2025-06-03T12:04:17.228550","level":"info","event":"Filling up the DagBag from /opt/airflow/dags/weather_etl.py","logger":"airflow.models.dagbag.DagBag"}
{"timestamp":"2025-06-03T12:04:48.132934","level":"info","event":"Filling up the DagBag from /opt/airflow/dags/weather_etl.py","logger":"airflow.models.dagbag.DagBag"}
{"timestamp":"2025-06-03T12:05:18.927168","level":"info","event":"Filling up the DagBag from /opt/airflow/dags/weather_etl.py","logger":"airflow.models.dagbag.DagBag"}
{"timestamp":"2025-06-03T12:05:49.722080","level":"info","event":"Filling up the DagBag from /opt/airflow/dags/weather_etl.py","logger":"airflow.models.dagbag.DagBag"}
{"timestamp":"2025-06-03T12:06:20.514056","level":"info","event":"Filling up the DagBag from /opt/airflow/dags/weather_etl.py","logger":"airflow.models.dagbag.DagBag"}
{"timestamp":"2025-06-03T12:06:51.386933","level":"info","event":"Filling up the DagBag from /opt/airflow/dags/weather_etl.py","logger":"airflow.models.dagbag.DagBag"}
{"timestamp":"2025-06-03T12:07:22.367334","level":"info","event":"Filling up the DagBag from /opt/airflow/dags/weather_etl.py","logger":"airflow.models.dagbag.DagBag"}
{"timestamp":"2025-06-03T12:07:53.165203","level":"info","event":"Filling up the DagBag from /opt/airflow/dags/weather_etl.py","logger":"airflow.models.dagbag.DagBag"}
{"timestamp":"2025-06-03T12:08:25.316451","level":"info","event":"Filling up the DagBag from /opt/airflow/dags/weather_etl.py","logger":"airflow.models.dagbag.DagBag"}
{"timestamp":"2025-06-03T12:08:56.696049","level":"info","event":"Filling up the DagBag from /opt/airflow/dags/weather_etl.py","logger":"airflow.models.dagbag.DagBag"}
{"timestamp":"2025-06-03T12:09:27.658018","level":"info","event":"Filling up the DagBag from /opt/airflow/dags/weather_etl.py","logger":"airflow.models.dagbag.DagBag"}
{"timestamp":"2025-06-03T12:09:58.665859","level":"info","event":"Filling up the DagBag from /opt/airflow/dags/weather_etl.py","logger":"airflow.models.dagbag.DagBag"}
{"timestamp":"2025-06-03T12:10:29.445354","level":"info","event":"Filling up the DagBag from /opt/airflow/dags/weather_etl.py","logger":"airflow.models.dagbag.DagBag"}
{"timestamp":"2025-06-03T12:11:00.428663","level":"info","event":"Filling up the DagBag from /opt/airflow/dags/weather_etl.py","logger":"airflow.models.dagbag.DagBag"}
{"timestamp":"2025-06-03T12:11:31.616919","level":"info","event":"Filling up the DagBag from /opt/airflow/dags/weather_etl.py","logger":"airflow.models.dagbag.DagBag"}
{"timestamp":"2025-06-03T12:12:02.419032","level":"info","event":"Filling up the DagBag from /opt/airflow/dags/weather_etl.py","logger":"airflow.models.dagbag.DagBag"}
{"timestamp":"2025-06-03T12:12:33.178191","level":"info","event":"Filling up the DagBag from /opt/airflow/dags/weather_etl.py","logger":"airflow.models.dagbag.DagBag"}
{"timestamp":"2025-06-03T12:13:04.194318","level":"info","event":"Filling up the DagBag from /opt/airflow/dags/weather_etl.py","logger":"airflow.models.dagbag.DagBag"}
{"timestamp":"2025-06-03T12:13:35.226106","level":"info","event":"Filling up the DagBag from /opt/airflow/dags/weather_etl.py","logger":"airflow.models.dagbag.DagBag"}
{"timestamp":"2025-06-03T12:14:06.045010","level":"info","event":"Filling up the DagBag from /opt/airflow/dags/weather_etl.py","logger":"airflow.models.dagbag.DagBag"}
{"timestamp":"2025-06-03T12:14:36.821032","level":"info","event":"Filling up the DagBag from /opt/airflow/dags/weather_etl.py","logger":"airflow.models.dagbag.DagBag"}
{"timestamp":"2025-06-03T12:15:07.569691","level":"info","event":"Filling up the DagBag from /opt/airflow/dags/weather_etl.py","logger":"airflow.models.dagbag.DagBag"}
{"timestamp":"2025-06-03T12:15:38.442707","level":"info","event":"Filling up the DagBag from /opt/airflow/dags/weather_etl.py","logger":"airflow.models.dagbag.DagBag"}
{"timestamp":"2025-06-03T12:16:09.233013","level":"info","event":"Filling up the DagBag from /opt/airflow/dags/weather_etl.py","logger":"airflow.models.dagbag.DagBag"}
{"timestamp":"2025-06-03T12:16:39.992108","level":"info","event":"Filling up the DagBag from /opt/airflow/dags/weather_etl.py","logger":"airflow.models.dagbag.DagBag"}
{"timestamp":"2025-06-03T12:17:10.763391","level":"info","event":"Filling up the DagBag from /opt/airflow/dags/weather_etl.py","logger":"airflow.models.dagbag.DagBag"}
{"timestamp":"2025-06-03T12:17:42.650835","level":"info","event":"Filling up the DagBag from /opt/airflow/dags/weather_etl.py","logger":"airflow.models.dagbag.DagBag"}
{"timestamp":"2025-06-03T12:18:13.649082","level":"info","event":"Filling up the DagBag from /opt/airflow/dags/weather_etl.py","logger":"airflow.models.dagbag.DagBag"}
{"timestamp":"2025-06-03T12:18:44.451598","level":"info","event":"Filling up the DagBag from /opt/airflow/dags/weather_etl.py","logger":"airflow.models.dagbag.DagBag"}
{"timestamp":"2025-06-03T12:19:15.206244","level":"info","event":"Filling up the DagBag from /opt/airflow/dags/weather_etl.py","logger":"airflow.models.dagbag.DagBag"}
{"timestamp":"2025-06-03T12:19:45.992492","level":"info","event":"Filling up the DagBag from /opt/airflow/dags/weather_etl.py","logger":"airflow.models.dagbag.DagBag"}
{"timestamp":"2025-06-03T12:20:16.735322","level":"info","event":"Filling up the DagBag from /opt/airflow/dags/weather_etl.py","logger":"airflow.models.dagbag.DagBag"}
{"timestamp":"2025-06-03T12:20:48.635290","level":"info","event":"Filling up the DagBag from /opt/airflow/dags/weather_etl.py","logger":"airflow.models.dagbag.DagBag"}
{"timestamp":"2025-06-03T12:21:19.371672","level":"info","event":"Filling up the DagBag from /opt/airflow/dags/weather_etl.py","logger":"airflow.models.dagbag.DagBag"}
{"timestamp":"2025-06-03T12:21:50.317608","level":"info","event":"Filling up the DagBag from /opt/airflow/dags/weather_etl.py","logger":"airflow.models.dagbag.DagBag"}
{"timestamp":"2025-06-03T12:22:21.320914","level":"info","event":"Filling up the DagBag from /opt/airflow/dags/weather_etl.py","logger":"airflow.models.dagbag.DagBag"}
{"timestamp":"2025-06-03T12:22:52.062412","level":"info","event":"Filling up the DagBag from /opt/airflow/dags/weather_etl.py","logger":"airflow.models.dagbag.DagBag"}
{"timestamp":"2025-06-03T12:23:22.815189","level":"info","event":"Filling up the DagBag from /opt/airflow/dags/weather_etl.py","logger":"airflow.models.dagbag.DagBag"}
{"timestamp":"2025-06-03T12:23:53.718525","level":"info","event":"Filling up the DagBag from /opt/airflow/dags/weather_etl.py","logger":"airflow.models.dagbag.DagBag"}
{"timestamp":"2025-06-03T12:24:24.706669","level":"info","event":"Filling up the DagBag from /opt/airflow/dags/weather_etl.py","logger":"airflow.models.dagbag.DagBag"}
{"timestamp":"2025-06-03T12:24:55.584123","level":"info","event":"Filling up the DagBag from /opt/airflow/dags/weather_etl.py","logger":"airflow.models.dagbag.DagBag"}
{"timestamp":"2025-06-03T12:25:26.438842","level":"info","event":"Filling up the DagBag from /opt/airflow/dags/weather_etl.py","logger":"airflow.models.dagbag.DagBag"}
{"timestamp":"2025-06-03T12:25:57.294553","level":"info","event":"Filling up the DagBag from /opt/airflow/dags/weather_etl.py","logger":"airflow.models.dagbag.DagBag"}
{"timestamp":"2025-06-03T12:26:28.567915","level":"info","event":"Filling up the DagBag from /opt/airflow/dags/weather_etl.py","logger":"airflow.models.dagbag.DagBag"}
{"timestamp":"2025-06-03T12:26:59.585119","level":"info","event":"Filling up the DagBag from /opt/airflow/dags/weather_etl.py","logger":"airflow.models.dagbag.DagBag"}
{"timestamp":"2025-06-03T12:27:30.440064","level":"info","event":"Filling up the DagBag from /opt/airflow/dags/weather_etl.py","logger":"airflow.models.dagbag.DagBag"}
{"timestamp":"2025-06-03T12:28:01.277556","level":"info","event":"Filling up the DagBag from /opt/airflow/dags/weather_etl.py","logger":"airflow.models.dagbag.DagBag"}
{"timestamp":"2025-06-03T12:28:32.092800","level":"info","event":"Filling up the DagBag from /opt/airflow/dags/weather_etl.py","logger":"airflow.models.dagbag.DagBag"}
{"timestamp":"2025-06-03T12:29:02.904749","level":"info","event":"Filling up the DagBag from /opt/airflow/dags/weather_etl.py","logger":"airflow.models.dagbag.DagBag"}
{"timestamp":"2025-06-03T12:29:33.659814","level":"info","event":"Filling up the DagBag from /opt/airflow/dags/weather_etl.py","logger":"airflow.models.dagbag.DagBag"}
{"timestamp":"2025-06-03T12:30:04.415675","level":"info","event":"Filling up the DagBag from /opt/airflow/dags/weather_etl.py","logger":"airflow.models.dagbag.DagBag"}
{"timestamp":"2025-06-03T12:30:35.486336","level":"info","event":"Filling up the DagBag from /opt/airflow/dags/weather_etl.py","logger":"airflow.models.dagbag.DagBag"}
{"timestamp":"2025-06-03T12:31:06.722297","level":"info","event":"Filling up the DagBag from /opt/airflow/dags/weather_etl.py","logger":"airflow.models.dagbag.DagBag"}
{"timestamp":"2025-06-03T12:31:15.961692","level":"info","event":"Filling up the DagBag from /opt/airflow/dags/weather_etl.py","logger":"airflow.models.dagbag.DagBag"}
{"timestamp":"2025-06-03T12:31:38.965801","level":"info","event":"Filling up the DagBag from /opt/airflow/dags/weather_etl.py","logger":"airflow.models.dagbag.DagBag"}
{"timestamp":"2025-06-03T12:32:11.434321","level":"info","event":"Filling up the DagBag from /opt/airflow/dags/weather_etl.py","logger":"airflow.models.dagbag.DagBag"}
{"timestamp":"2025-06-03T12:32:44.589745","level":"info","event":"Filling up the DagBag from /opt/airflow/dags/weather_etl.py","logger":"airflow.models.dagbag.DagBag"}
{"timestamp":"2025-06-03T12:33:17.234490","level":"info","event":"Filling up the DagBag from /opt/airflow/dags/weather_etl.py","logger":"airflow.models.dagbag.DagBag"}
{"timestamp":"2025-06-03T12:33:50.299555","level":"info","event":"Filling up the DagBag from /opt/airflow/dags/weather_etl.py","logger":"airflow.models.dagbag.DagBag"}
{"timestamp":"2025-06-03T12:34:21.651283","level":"info","event":"Filling up the DagBag from /opt/airflow/dags/weather_etl.py","logger":"airflow.models.dagbag.DagBag"}
{"timestamp":"2025-06-03T12:34:53.069168","level":"info","event":"Filling up the DagBag from /opt/airflow/dags/weather_etl.py","logger":"airflow.models.dagbag.DagBag"}
{"timestamp":"2025-06-03T12:35:24.961829","level":"info","event":"Filling up the DagBag from /opt/airflow/dags/weather_etl.py","logger":"airflow.models.dagbag.DagBag"}
{"timestamp":"2025-06-03T12:35:56.348546","level":"info","event":"Filling up the DagBag from /opt/airflow/dags/weather_etl.py","logger":"airflow.models.dagbag.DagBag"}
{"timestamp":"2025-06-03T12:36:27.622133","level":"info","event":"Filling up the DagBag from /opt/airflow/dags/weather_etl.py","logger":"airflow.models.dagbag.DagBag"}
{"timestamp":"2025-06-03T12:37:03.923822","level":"info","event":"Filling up the DagBag from /opt/airflow/dags/weather_etl.py","logger":"airflow.models.dagbag.DagBag"}
{"timestamp":"2025-06-03T12:37:35.618903","level":"info","event":"Filling up the DagBag from /opt/airflow/dags/weather_etl.py","logger":"airflow.models.dagbag.DagBag"}
{"timestamp":"2025-06-03T12:38:06.877796","level":"info","event":"Filling up the DagBag from /opt/airflow/dags/weather_etl.py","logger":"airflow.models.dagbag.DagBag"}
{"timestamp":"2025-06-03T12:38:38.127565","level":"info","event":"Filling up the DagBag from /opt/airflow/dags/weather_etl.py","logger":"airflow.models.dagbag.DagBag"}
{"timestamp":"2025-06-03T12:39:09.416121","level":"info","event":"Filling up the DagBag from /opt/airflow/dags/weather_etl.py","logger":"airflow.models.dagbag.DagBag"}
{"timestamp":"2025-06-03T12:39:40.577218","level":"info","event":"Filling up the DagBag from /opt/airflow/dags/weather_etl.py","logger":"airflow.models.dagbag.DagBag"}
{"timestamp":"2025-06-03T12:40:11.330203","level":"info","event":"Filling up the DagBag from /opt/airflow/dags/weather_etl.py","logger":"airflow.models.dagbag.DagBag"}
{"timestamp":"2025-06-03T12:40:42.102003","level":"info","event":"Filling up the DagBag from /opt/airflow/dags/weather_etl.py","logger":"airflow.models.dagbag.DagBag"}
{"timestamp":"2025-06-03T12:41:13.063414","level":"info","event":"Filling up the DagBag from /opt/airflow/dags/weather_etl.py","logger":"airflow.models.dagbag.DagBag"}
{"timestamp":"2025-06-03T12:41:44.042975","level":"info","event":"Filling up the DagBag from /opt/airflow/dags/weather_etl.py","logger":"airflow.models.dagbag.DagBag"}
{"timestamp":"2025-06-03T12:42:15.150616","level":"info","event":"Filling up the DagBag from /opt/airflow/dags/weather_etl.py","logger":"airflow.models.dagbag.DagBag"}
{"timestamp":"2025-06-03T12:42:45.903428","level":"info","event":"Filling up the DagBag from /opt/airflow/dags/weather_etl.py","logger":"airflow.models.dagbag.DagBag"}
{"timestamp":"2025-06-03T12:43:16.694456","level":"info","event":"Filling up the DagBag from /opt/airflow/dags/weather_etl.py","logger":"airflow.models.dagbag.DagBag"}
{"timestamp":"2025-06-03T12:43:47.534671","level":"info","event":"Filling up the DagBag from /opt/airflow/dags/weather_etl.py","logger":"airflow.models.dagbag.DagBag"}
{"timestamp":"2025-06-03T12:44:18.408906","level":"info","event":"Filling up the DagBag from /opt/airflow/dags/weather_etl.py","logger":"airflow.models.dagbag.DagBag"}
{"timestamp":"2025-06-03T12:44:49.379892","level":"info","event":"Filling up the DagBag from /opt/airflow/dags/weather_etl.py","logger":"airflow.models.dagbag.DagBag"}
{"timestamp":"2025-06-03T12:45:20.216604","level":"info","event":"Filling up the DagBag from /opt/airflow/dags/weather_etl.py","logger":"airflow.models.dagbag.DagBag"}
{"timestamp":"2025-06-03T12:45:51.219857","level":"info","event":"Filling up the DagBag from /opt/airflow/dags/weather_etl.py","logger":"airflow.models.dagbag.DagBag"}
{"timestamp":"2025-06-03T12:46:22.095152","level":"info","event":"Filling up the DagBag from /opt/airflow/dags/weather_etl.py","logger":"airflow.models.dagbag.DagBag"}
{"timestamp":"2025-06-03T12:46:53.270738","level":"info","event":"Filling up the DagBag from /opt/airflow/dags/weather_etl.py","logger":"airflow.models.dagbag.DagBag"}
{"timestamp":"2025-06-03T12:47:24.743654","level":"info","event":"Filling up the DagBag from /opt/airflow/dags/weather_etl.py","logger":"airflow.models.dagbag.DagBag"}
{"timestamp":"2025-06-03T12:47:56.080972","level":"info","event":"Filling up the DagBag from /opt/airflow/dags/weather_etl.py","logger":"airflow.models.dagbag.DagBag"}
{"timestamp":"2025-06-03T12:48:27.275134","level":"info","event":"Filling up the DagBag from /opt/airflow/dags/weather_etl.py","logger":"airflow.models.dagbag.DagBag"}
{"timestamp":"2025-06-03T12:48:58.699466","level":"info","event":"Filling up the DagBag from /opt/airflow/dags/weather_etl.py","logger":"airflow.models.dagbag.DagBag"}
{"timestamp":"2025-06-03T12:49:30.158146","level":"info","event":"Filling up the DagBag from /opt/airflow/dags/weather_etl.py","logger":"airflow.models.dagbag.DagBag"}
{"timestamp":"2025-06-03T12:50:01.276195","level":"info","event":"Filling up the DagBag from /opt/airflow/dags/weather_etl.py","logger":"airflow.models.dagbag.DagBag"}
{"timestamp":"2025-06-03T12:50:32.458266","level":"info","event":"Filling up the DagBag from /opt/airflow/dags/weather_etl.py","logger":"airflow.models.dagbag.DagBag"}
{"timestamp":"2025-06-03T12:51:03.850641","level":"info","event":"Filling up the DagBag from /opt/airflow/dags/weather_etl.py","logger":"airflow.models.dagbag.DagBag"}
{"timestamp":"2025-06-03T12:51:34.896417","level":"info","event":"Filling up the DagBag from /opt/airflow/dags/weather_etl.py","logger":"airflow.models.dagbag.DagBag"}
{"timestamp":"2025-06-03T12:52:05.777612","level":"info","event":"Filling up the DagBag from /opt/airflow/dags/weather_etl.py","logger":"airflow.models.dagbag.DagBag"}
{"timestamp":"2025-06-03T12:52:36.652622","level":"info","event":"Filling up the DagBag from /opt/airflow/dags/weather_etl.py","logger":"airflow.models.dagbag.DagBag"}
{"timestamp":"2025-06-03T12:53:07.441126","level":"info","event":"Filling up the DagBag from /opt/airflow/dags/weather_etl.py","logger":"airflow.models.dagbag.DagBag"}
{"timestamp":"2025-06-03T12:53:38.260684","level":"info","event":"Filling up the DagBag from /opt/airflow/dags/weather_etl.py","logger":"airflow.models.dagbag.DagBag"}
{"timestamp":"2025-06-03T12:54:09.459135","level":"info","event":"Filling up the DagBag from /opt/airflow/dags/weather_etl.py","logger":"airflow.models.dagbag.DagBag"}
{"timestamp":"2025-06-03T12:54:40.959897","level":"info","event":"Filling up the DagBag from /opt/airflow/dags/weather_etl.py","logger":"airflow.models.dagbag.DagBag"}
{"timestamp":"2025-06-03T12:55:12.734422","level":"info","event":"Filling up the DagBag from /opt/airflow/dags/weather_etl.py","logger":"airflow.models.dagbag.DagBag"}
{"timestamp":"2025-06-03T12:55:43.634434","level":"info","event":"Filling up the DagBag from /opt/airflow/dags/weather_etl.py","logger":"airflow.models.dagbag.DagBag"}
{"timestamp":"2025-06-03T12:56:14.724330","level":"info","event":"Filling up the DagBag from /opt/airflow/dags/weather_etl.py","logger":"airflow.models.dagbag.DagBag"}
{"timestamp":"2025-06-03T12:56:45.629648","level":"info","event":"Filling up the DagBag from /opt/airflow/dags/weather_etl.py","logger":"airflow.models.dagbag.DagBag"}
{"timestamp":"2025-06-03T12:57:18.021747","level":"info","event":"Filling up the DagBag from /opt/airflow/dags/weather_etl.py","logger":"airflow.models.dagbag.DagBag"}
{"timestamp":"2025-06-03T12:57:51.980510","level":"info","event":"Filling up the DagBag from /opt/airflow/dags/weather_etl.py","logger":"airflow.models.dagbag.DagBag"}
{"timestamp":"2025-06-03T12:58:25.225011","level":"info","event":"Filling up the DagBag from /opt/airflow/dags/weather_etl.py","logger":"airflow.models.dagbag.DagBag"}
{"timestamp":"2025-06-03T12:58:56.721746","level":"info","event":"Filling up the DagBag from /opt/airflow/dags/weather_etl.py","logger":"airflow.models.dagbag.DagBag"}
{"timestamp":"2025-06-03T12:59:28.518872","level":"info","event":"Filling up the DagBag from /opt/airflow/dags/weather_etl.py","logger":"airflow.models.dagbag.DagBag"}
{"timestamp":"2025-06-03T12:59:59.340606","level":"info","event":"Filling up the DagBag from /opt/airflow/dags/weather_etl.py","logger":"airflow.models.dagbag.DagBag"}
{"timestamp":"2025-06-03T13:00:30.298733","level":"info","event":"Filling up the DagBag from /opt/airflow/dags/weather_etl.py","logger":"airflow.models.dagbag.DagBag"}
{"timestamp":"2025-06-03T13:01:01.657579","level":"info","event":"Filling up the DagBag from /opt/airflow/dags/weather_etl.py","logger":"airflow.models.dagbag.DagBag"}
{"timestamp":"2025-06-03T13:01:33.384762","level":"info","event":"Filling up the DagBag from /opt/airflow/dags/weather_etl.py","logger":"airflow.models.dagbag.DagBag"}
{"timestamp":"2025-06-03T13:02:05.481620","level":"info","event":"Filling up the DagBag from /opt/airflow/dags/weather_etl.py","logger":"airflow.models.dagbag.DagBag"}
{"timestamp":"2025-06-03T13:02:37.324895","level":"info","event":"Filling up the DagBag from /opt/airflow/dags/weather_etl.py","logger":"airflow.models.dagbag.DagBag"}
{"timestamp":"2025-06-03T13:03:08.084102","level":"info","event":"Filling up the DagBag from /opt/airflow/dags/weather_etl.py","logger":"airflow.models.dagbag.DagBag"}
{"timestamp":"2025-06-03T13:03:39.421146","level":"info","event":"Filling up the DagBag from /opt/airflow/dags/weather_etl.py","logger":"airflow.models.dagbag.DagBag"}
{"timestamp":"2025-06-03T13:04:12.851331","level":"info","event":"Filling up the DagBag from /opt/airflow/dags/weather_etl.py","logger":"airflow.models.dagbag.DagBag"}
{"timestamp":"2025-06-03T13:04:45.125731","level":"info","event":"Filling up the DagBag from /opt/airflow/dags/weather_etl.py","logger":"airflow.models.dagbag.DagBag"}
{"timestamp":"2025-06-03T13:05:17.005714","level":"info","event":"Filling up the DagBag from /opt/airflow/dags/weather_etl.py","logger":"airflow.models.dagbag.DagBag"}
{"timestamp":"2025-06-03T13:05:49.866627","level":"info","event":"Filling up the DagBag from /opt/airflow/dags/weather_etl.py","logger":"airflow.models.dagbag.DagBag"}
{"timestamp":"2025-06-03T13:06:21.964872","level":"info","event":"Filling up the DagBag from /opt/airflow/dags/weather_etl.py","logger":"airflow.models.dagbag.DagBag"}
{"timestamp":"2025-06-03T13:06:52.871258","level":"info","event":"Filling up the DagBag from /opt/airflow/dags/weather_etl.py","logger":"airflow.models.dagbag.DagBag"}
{"timestamp":"2025-06-03T13:07:16.343595","level":"info","event":"Filling up the DagBag from /opt/airflow/dags/weather_etl.py","logger":"airflow.models.dagbag.DagBag"}
{"timestamp":"2025-06-03T13:07:50.380600","level":"info","event":"Filling up the DagBag from /opt/airflow/dags/weather_etl.py","logger":"airflow.models.dagbag.DagBag"}
{"timestamp":"2025-06-03T13:08:21.889058","level":"info","event":"Filling up the DagBag from /opt/airflow/dags/weather_etl.py","logger":"airflow.models.dagbag.DagBag"}
{"timestamp":"2025-06-03T13:08:53.437400","level":"info","event":"Filling up the DagBag from /opt/airflow/dags/weather_etl.py","logger":"airflow.models.dagbag.DagBag"}
{"timestamp":"2025-06-03T13:09:24.742040","level":"info","event":"Filling up the DagBag from /opt/airflow/dags/weather_etl.py","logger":"airflow.models.dagbag.DagBag"}
{"timestamp":"2025-06-03T13:09:55.653245","level":"info","event":"Filling up the DagBag from /opt/airflow/dags/weather_etl.py","logger":"airflow.models.dagbag.DagBag"}
{"timestamp":"2025-06-03T13:10:28.697148","level":"info","event":"Filling up the DagBag from /opt/airflow/dags/weather_etl.py","logger":"airflow.models.dagbag.DagBag"}
{"timestamp":"2025-06-03T13:11:00.040642","level":"info","event":"Filling up the DagBag from /opt/airflow/dags/weather_etl.py","logger":"airflow.models.dagbag.DagBag"}
{"timestamp":"2025-06-03T13:11:30.888016","level":"info","event":"Filling up the DagBag from /opt/airflow/dags/weather_etl.py","logger":"airflow.models.dagbag.DagBag"}
{"timestamp":"2025-06-03T13:12:01.682109","level":"info","event":"Filling up the DagBag from /opt/airflow/dags/weather_etl.py","logger":"airflow.models.dagbag.DagBag"}
{"timestamp":"2025-06-03T13:12:32.549408","level":"info","event":"Filling up the DagBag from /opt/airflow/dags/weather_etl.py","logger":"airflow.models.dagbag.DagBag"}
{"timestamp":"2025-06-03T13:13:03.660783","level":"info","event":"Filling up the DagBag from /opt/airflow/dags/weather_etl.py","logger":"airflow.models.dagbag.DagBag"}
{"timestamp":"2025-06-03T13:13:34.667509","level":"info","event":"Filling up the DagBag from /opt/airflow/dags/weather_etl.py","logger":"airflow.models.dagbag.DagBag"}
{"timestamp":"2025-06-03T13:14:06.195118","level":"info","event":"Filling up the DagBag from /opt/airflow/dags/weather_etl.py","logger":"airflow.models.dagbag.DagBag"}
{"timestamp":"2025-06-03T13:14:37.426129","level":"info","event":"Filling up the DagBag from /opt/airflow/dags/weather_etl.py","logger":"airflow.models.dagbag.DagBag"}
{"timestamp":"2025-06-03T13:15:08.804644","level":"info","event":"Filling up the DagBag from /opt/airflow/dags/weather_etl.py","logger":"airflow.models.dagbag.DagBag"}
{"timestamp":"2025-06-03T13:15:40.293322","level":"info","event":"Filling up the DagBag from /opt/airflow/dags/weather_etl.py","logger":"airflow.models.dagbag.DagBag"}
{"timestamp":"2025-06-03T13:16:12.149988","level":"info","event":"Filling up the DagBag from /opt/airflow/dags/weather_etl.py","logger":"airflow.models.dagbag.DagBag"}
{"timestamp":"2025-06-03T13:16:50.846551","level":"info","event":"Filling up the DagBag from /opt/airflow/dags/weather_etl.py","logger":"airflow.models.dagbag.DagBag"}
{"timestamp":"2025-06-03T13:17:21.828191","level":"info","event":"Filling up the DagBag from /opt/airflow/dags/weather_etl.py","logger":"airflow.models.dagbag.DagBag"}
{"timestamp":"2025-06-03T13:17:52.697640","level":"info","event":"Filling up the DagBag from /opt/airflow/dags/weather_etl.py","logger":"airflow.models.dagbag.DagBag"}
{"timestamp":"2025-06-03T13:18:30.922252","level":"info","event":"Filling up the DagBag from /opt/airflow/dags/weather_etl.py","logger":"airflow.models.dagbag.DagBag"}
{"timestamp":"2025-06-03T13:19:11.574487","level":"info","event":"Filling up the DagBag from /opt/airflow/dags/weather_etl.py","logger":"airflow.models.dagbag.DagBag"}
{"timestamp":"2025-06-03T13:19:42.942876","level":"info","event":"Filling up the DagBag from /opt/airflow/dags/weather_etl.py","logger":"airflow.models.dagbag.DagBag"}
{"timestamp":"2025-06-03T13:20:14.102484","level":"info","event":"Filling up the DagBag from /opt/airflow/dags/weather_etl.py","logger":"airflow.models.dagbag.DagBag"}
{"timestamp":"2025-06-03T13:20:44.849759","level":"info","event":"Filling up the DagBag from /opt/airflow/dags/weather_etl.py","logger":"airflow.models.dagbag.DagBag"}
{"timestamp":"2025-06-03T13:21:16.201962","level":"info","event":"Filling up the DagBag from /opt/airflow/dags/weather_etl.py","logger":"airflow.models.dagbag.DagBag"}
{"timestamp":"2025-06-03T13:21:47.034103","level":"info","event":"Filling up the DagBag from /opt/airflow/dags/weather_etl.py","logger":"airflow.models.dagbag.DagBag"}
{"timestamp":"2025-06-03T13:22:18.354100","level":"info","event":"Filling up the DagBag from /opt/airflow/dags/weather_etl.py","logger":"airflow.models.dagbag.DagBag"}
{"timestamp":"2025-06-03T13:22:49.468195","level":"info","event":"Filling up the DagBag from /opt/airflow/dags/weather_etl.py","logger":"airflow.models.dagbag.DagBag"}
{"timestamp":"2025-06-03T13:23:20.481160","level":"info","event":"Filling up the DagBag from /opt/airflow/dags/weather_etl.py","logger":"airflow.models.dagbag.DagBag"}
{"timestamp":"2025-06-03T13:23:51.761782","level":"info","event":"Filling up the DagBag from /opt/airflow/dags/weather_etl.py","logger":"airflow.models.dagbag.DagBag"}
{"timestamp":"2025-06-03T13:24:22.651175","level":"info","event":"Filling up the DagBag from /opt/airflow/dags/weather_etl.py","logger":"airflow.models.dagbag.DagBag"}
{"timestamp":"2025-06-03T13:24:53.871476","level":"info","event":"Filling up the DagBag from /opt/airflow/dags/weather_etl.py","logger":"airflow.models.dagbag.DagBag"}
{"timestamp":"2025-06-03T13:25:25.247109","level":"info","event":"Filling up the DagBag from /opt/airflow/dags/weather_etl.py","logger":"airflow.models.dagbag.DagBag"}
{"timestamp":"2025-06-03T13:25:56.677038","level":"info","event":"Filling up the DagBag from /opt/airflow/dags/weather_etl.py","logger":"airflow.models.dagbag.DagBag"}
{"timestamp":"2025-06-03T13:26:28.079876","level":"info","event":"Filling up the DagBag from /opt/airflow/dags/weather_etl.py","logger":"airflow.models.dagbag.DagBag"}
{"timestamp":"2025-06-03T13:26:59.150525","level":"info","event":"Filling up the DagBag from /opt/airflow/dags/weather_etl.py","logger":"airflow.models.dagbag.DagBag"}
{"timestamp":"2025-06-03T13:27:30.488748","level":"info","event":"Filling up the DagBag from /opt/airflow/dags/weather_etl.py","logger":"airflow.models.dagbag.DagBag"}
{"timestamp":"2025-06-03T13:28:01.900645","level":"info","event":"Filling up the DagBag from /opt/airflow/dags/weather_etl.py","logger":"airflow.models.dagbag.DagBag"}
{"timestamp":"2025-06-03T13:28:33.717596","level":"info","event":"Filling up the DagBag from /opt/airflow/dags/weather_etl.py","logger":"airflow.models.dagbag.DagBag"}
{"timestamp":"2025-06-03T13:29:05.120262","level":"info","event":"Filling up the DagBag from /opt/airflow/dags/weather_etl.py","logger":"airflow.models.dagbag.DagBag"}
{"timestamp":"2025-06-03T13:29:36.556622","level":"info","event":"Filling up the DagBag from /opt/airflow/dags/weather_etl.py","logger":"airflow.models.dagbag.DagBag"}
{"timestamp":"2025-06-03T13:30:07.864075","level":"info","event":"Filling up the DagBag from /opt/airflow/dags/weather_etl.py","logger":"airflow.models.dagbag.DagBag"}
{"timestamp":"2025-06-03T13:30:39.357117","level":"info","event":"Filling up the DagBag from /opt/airflow/dags/weather_etl.py","logger":"airflow.models.dagbag.DagBag"}
{"timestamp":"2025-06-03T13:31:10.977845","level":"info","event":"Filling up the DagBag from /opt/airflow/dags/weather_etl.py","logger":"airflow.models.dagbag.DagBag"}
{"timestamp":"2025-06-03T13:31:42.470233","level":"info","event":"Filling up the DagBag from /opt/airflow/dags/weather_etl.py","logger":"airflow.models.dagbag.DagBag"}
{"timestamp":"2025-06-03T13:32:14.755250","level":"info","event":"Filling up the DagBag from /opt/airflow/dags/weather_etl.py","logger":"airflow.models.dagbag.DagBag"}
